c:\users\백노연\documents\visual studio 2010\projects\[api]2011년 겨울방학 팀 프로젝트[limit]\[api]2011년 겨울방학 팀 프로젝트[limit]\debug\frame.obj
c:\users\백노연\documents\visual studio 2010\projects\[api]2011년 겨울방학 팀 프로젝트[limit]\[api]2011년 겨울방학 팀 프로젝트[limit]\debug\scene.obj
c:\users\백노연\documents\visual studio 2010\projects\[api]2011년 겨울방학 팀 프로젝트[limit]\[api]2011년 겨울방학 팀 프로젝트[limit]\debug\cgame.obj
c:\users\백노연\documents\visual studio 2010\projects\[api]2011년 겨울방학 팀 프로젝트[limit]\[api]2011년 겨울방학 팀 프로젝트[limit]\debug\clogo.obj
c:\users\백노연\documents\visual studio 2010\projects\[api]2011년 겨울방학 팀 프로젝트[limit]\[api]2011년 겨울방학 팀 프로젝트[limit]\debug\cmenu.obj
c:\users\백노연\documents\visual studio 2010\projects\[api]2011년 겨울방학 팀 프로젝트[limit]\[api]2011년 겨울방학 팀 프로젝트[limit]\debug\cstatemanager.obj
c:\users\백노연\documents\visual studio 2010\projects\[api]2011년 겨울방학 팀 프로젝트[limit]\[api]2011년 겨울방학 팀 프로젝트[limit]\debug\main.obj
c:\users\백노연\documents\visual studio 2010\projects\[api]2011년 겨울방학 팀 프로젝트[limit]\[api]2011년 겨울방학 팀 프로젝트[limit]\debug\scenemanager.obj
c:\users\백노연\documents\visual studio 2010\projects\[api]2011년 겨울방학 팀 프로젝트[limit]\[api]2011년 겨울방학 팀 프로젝트[limit]\debug\vc100.pdb
c:\users\백노연\documents\visual studio 2010\projects\[api]2011년 겨울방학 팀 프로젝트[limit]\[api]2011년 겨울방학 팀 프로젝트[limit]\debug\cunit.obj
c:\users\백노연\documents\visual studio 2010\projects\[api]2011년 겨울방학 팀 프로젝트[limit]\[api]2011년 겨울방학 팀 프로젝트[limit]\debug\cinfantry.obj
c:\users\백노연\documents\visual studio 2010\projects\[api]2011년 겨울방학 팀 프로젝트[limit]\[api]2011년 겨울방학 팀 프로젝트[limit]\debug\cbutton.obj
c:\users\백노연\desktop\[api]2011년 겨울방학 팀 프로젝트[limit]\debug\cbutton.obj
c:\users\백노연\desktop\[api]2011년 겨울방학 팀 프로젝트[limit]\debug\cgame.obj
c:\users\백노연\desktop\[api]2011년 겨울방학 팀 프로젝트[limit]\debug\cinfantry.obj
c:\users\백노연\desktop\[api]2011년 겨울방학 팀 프로젝트[limit]\debug\clogo.obj
c:\users\백노연\desktop\[api]2011년 겨울방학 팀 프로젝트[limit]\debug\cstatemanager.obj
c:\users\백노연\desktop\[api]2011년 겨울방학 팀 프로젝트[limit]\debug\cunit.obj
c:\users\백노연\desktop\[api]2011년 겨울방학 팀 프로젝트[limit]\debug\frame.obj
c:\users\백노연\desktop\[api]2011년 겨울방학 팀 프로젝트[limit]\debug\main.obj
c:\users\백노연\desktop\[api]2011년 겨울방학 팀 프로젝트[limit]\debug\scene.obj
c:\users\백노연\desktop\[api]2011년 겨울방학 팀 프로젝트[limit]\debug\scenemanager.obj
c:\users\백노연\desktop\[api]2011년 겨울방학 팀 프로젝트[limit]\debug\vc100.pdb
c:\users\백노연\desktop\[api]2011년 겨울방학 팀 프로젝트[limit]\debug\cmenu.obj
c:\users\백노연\desktop\[api]2011년 겨울방학 팀 프로젝트[limit]\debug\clevelmenu.obj
c:\users\백노연\desktop\[api]2011년 겨울방학 팀 프로젝트[limit]\debug\cstagemenu.obj
c:\users\백노연\desktop\[api]2011년 겨울방학 팀 프로젝트[limit]\debug\climitmenu.obj
c:\users\백노연\desktop\[api]2011년 겨울방학 팀 프로젝트[limit]\debug\carcher.obj
c:\users\백노연\desktop\[api]2011년 겨울방학 팀 프로젝트[limit]\debug\carrow.obj
c:\users\백노연\desktop\[api]2011년 겨울방학 팀 프로젝트[limit] (7)\debug\carcher.obj
c:\users\백노연\desktop\[api]2011년 겨울방학 팀 프로젝트[limit] (7)\debug\carrow.obj
c:\users\백노연\desktop\[api]2011년 겨울방학 팀 프로젝트[limit] (7)\debug\cbutton.obj
c:\users\백노연\desktop\[api]2011년 겨울방학 팀 프로젝트[limit] (7)\debug\cgame.obj
c:\users\백노연\desktop\[api]2011년 겨울방학 팀 프로젝트[limit] (7)\debug\cinfantry.obj
c:\users\백노연\desktop\[api]2011년 겨울방학 팀 프로젝트[limit] (7)\debug\clevelmenu.obj
c:\users\백노연\desktop\[api]2011년 겨울방학 팀 프로젝트[limit] (7)\debug\climitmenu.obj
c:\users\백노연\desktop\[api]2011년 겨울방학 팀 프로젝트[limit] (7)\debug\clogo.obj
c:\users\백노연\desktop\[api]2011년 겨울방학 팀 프로젝트[limit] (7)\debug\cmenu.obj
c:\users\백노연\desktop\[api]2011년 겨울방학 팀 프로젝트[limit] (7)\debug\cstagemenu.obj
c:\users\백노연\desktop\[api]2011년 겨울방학 팀 프로젝트[limit] (7)\debug\cstatemanager.obj
c:\users\백노연\desktop\[api]2011년 겨울방학 팀 프로젝트[limit] (7)\debug\cunit.obj
c:\users\백노연\desktop\[api]2011년 겨울방학 팀 프로젝트[limit] (7)\debug\frame.obj
c:\users\백노연\desktop\[api]2011년 겨울방학 팀 프로젝트[limit] (7)\debug\main.obj
c:\users\백노연\desktop\[api]2011년 겨울방학 팀 프로젝트[limit] (7)\debug\scene.obj
c:\users\백노연\desktop\[api]2011년 겨울방학 팀 프로젝트[limit] (7)\debug\scenemanager.obj
c:\users\백노연\desktop\[api]2011년 겨울방학 팀 프로젝트[limit] (7)\debug\vc100.pdb
c:\users\백노연\desktop\[api]2011년 겨울방학 팀 프로젝트[limit] (7)\debug\cavalry.obj
c:\users\백노연\desktop\[api]2011년 겨울방학 팀 프로젝트[limit] (7)\debug\ccavalry.obj
c:\users\백노연\desktop\[api]2011년 겨울방학 팀 프로젝트[limit] (7)\debug\cpriest.obj
c:\users\백노연\desktop\[api]2011년 겨울방학 팀 프로젝트[limit] (7)\debug\cspearman.obj
c:\users\백노연\desktop\[api]2011년 겨울방학 팀 프로젝트[limit] (7)\debug\cspell.obj
c:\users\백노연\desktop\예비프로젝트\[api]2011년 겨울방학 팀 프로젝트[limit] (7)\debug\carcher.obj
c:\users\백노연\desktop\예비프로젝트\[api]2011년 겨울방학 팀 프로젝트[limit] (7)\debug\carrow.obj
c:\users\백노연\desktop\예비프로젝트\[api]2011년 겨울방학 팀 프로젝트[limit] (7)\debug\ccavalry.obj
c:\users\백노연\desktop\예비프로젝트\[api]2011년 겨울방학 팀 프로젝트[limit] (7)\debug\cbutton.obj
c:\users\백노연\desktop\예비프로젝트\[api]2011년 겨울방학 팀 프로젝트[limit] (7)\debug\cgame.obj
c:\users\백노연\desktop\예비프로젝트\[api]2011년 겨울방학 팀 프로젝트[limit] (7)\debug\cinfantry.obj
c:\users\백노연\desktop\예비프로젝트\[api]2011년 겨울방학 팀 프로젝트[limit] (7)\debug\clevelmenu.obj
c:\users\백노연\desktop\예비프로젝트\[api]2011년 겨울방학 팀 프로젝트[limit] (7)\debug\climitmenu.obj
c:\users\백노연\desktop\예비프로젝트\[api]2011년 겨울방학 팀 프로젝트[limit] (7)\debug\clogo.obj
c:\users\백노연\desktop\예비프로젝트\[api]2011년 겨울방학 팀 프로젝트[limit] (7)\debug\cmenu.obj
c:\users\백노연\desktop\예비프로젝트\[api]2011년 겨울방학 팀 프로젝트[limit] (7)\debug\cpriest.obj
c:\users\백노연\desktop\예비프로젝트\[api]2011년 겨울방학 팀 프로젝트[limit] (7)\debug\cspearman.obj
c:\users\백노연\desktop\예비프로젝트\[api]2011년 겨울방학 팀 프로젝트[limit] (7)\debug\cspell.obj
c:\users\백노연\desktop\예비프로젝트\[api]2011년 겨울방학 팀 프로젝트[limit] (7)\debug\cstagemenu.obj
c:\users\백노연\desktop\예비프로젝트\[api]2011년 겨울방학 팀 프로젝트[limit] (7)\debug\cstatemanager.obj
c:\users\백노연\desktop\예비프로젝트\[api]2011년 겨울방학 팀 프로젝트[limit] (7)\debug\cunit.obj
c:\users\백노연\desktop\예비프로젝트\[api]2011년 겨울방학 팀 프로젝트[limit] (7)\debug\frame.obj
c:\users\백노연\desktop\예비프로젝트\[api]2011년 겨울방학 팀 프로젝트[limit] (7)\debug\main.obj
c:\users\백노연\desktop\예비프로젝트\[api]2011년 겨울방학 팀 프로젝트[limit] (7)\debug\scene.obj
c:\users\백노연\desktop\예비프로젝트\[api]2011년 겨울방학 팀 프로젝트[limit] (7)\debug\scenemanager.obj
c:\users\백노연\desktop\예비프로젝트\[api]2011년 겨울방학 팀 프로젝트[limit] (7)\debug\vc100.pdb
c:\users\백노연\desktop\[api]2011년 겨울방학 팀 프로젝트[limit]\debug\ccavalry.obj
c:\users\백노연\desktop\[api]2011년 겨울방학 팀 프로젝트[limit]\debug\cpriest.obj
c:\users\백노연\desktop\[api]2011년 겨울방학 팀 프로젝트[limit]\debug\cspearman.obj
c:\users\백노연\desktop\[api]2011년 겨울방학 팀 프로젝트[limit]\debug\cspell.obj
c:\users\백노연\desktop\no\[api]2011년 겨울방학 팀 프로젝트[limit]\debug\carcher.obj
c:\users\백노연\desktop\no\[api]2011년 겨울방학 팀 프로젝트[limit]\debug\carrow.obj
c:\users\백노연\desktop\no\[api]2011년 겨울방학 팀 프로젝트[limit]\debug\ccavalry.obj
c:\users\백노연\desktop\no\[api]2011년 겨울방학 팀 프로젝트[limit]\debug\cbutton.obj
c:\users\백노연\desktop\no\[api]2011년 겨울방학 팀 프로젝트[limit]\debug\cgame.obj
c:\users\백노연\desktop\no\[api]2011년 겨울방학 팀 프로젝트[limit]\debug\cinfantry.obj
c:\users\백노연\desktop\no\[api]2011년 겨울방학 팀 프로젝트[limit]\debug\clevelmenu.obj
c:\users\백노연\desktop\no\[api]2011년 겨울방학 팀 프로젝트[limit]\debug\climitmenu.obj
c:\users\백노연\desktop\no\[api]2011년 겨울방학 팀 프로젝트[limit]\debug\clogo.obj
c:\users\백노연\desktop\no\[api]2011년 겨울방학 팀 프로젝트[limit]\debug\cmenu.obj
c:\users\백노연\desktop\no\[api]2011년 겨울방학 팀 프로젝트[limit]\debug\cpriest.obj
c:\users\백노연\desktop\no\[api]2011년 겨울방학 팀 프로젝트[limit]\debug\cspearman.obj
c:\users\백노연\desktop\no\[api]2011년 겨울방학 팀 프로젝트[limit]\debug\cspell.obj
c:\users\백노연\desktop\no\[api]2011년 겨울방학 팀 프로젝트[limit]\debug\cstagemenu.obj
c:\users\백노연\desktop\no\[api]2011년 겨울방학 팀 프로젝트[limit]\debug\cstatemanager.obj
c:\users\백노연\desktop\no\[api]2011년 겨울방학 팀 프로젝트[limit]\debug\cunit.obj
c:\users\백노연\desktop\no\[api]2011년 겨울방학 팀 프로젝트[limit]\debug\frame.obj
c:\users\백노연\desktop\no\[api]2011년 겨울방학 팀 프로젝트[limit]\debug\main.obj
c:\users\백노연\desktop\no\[api]2011년 겨울방학 팀 프로젝트[limit]\debug\scene.obj
c:\users\백노연\desktop\no\[api]2011년 겨울방학 팀 프로젝트[limit]\debug\scenemanager.obj
c:\users\백노연\desktop\no\[api]2011년 겨울방학 팀 프로젝트[limit]\debug\vc100.pdb
c:\users\백노연\desktop\black\정리2\no\[api]2011년 겨울방학 팀 프로젝트[limit]\debug\carcher.obj
c:\users\백노연\desktop\black\정리2\no\[api]2011년 겨울방학 팀 프로젝트[limit]\debug\carrow.obj
c:\users\백노연\desktop\black\정리2\no\[api]2011년 겨울방학 팀 프로젝트[limit]\debug\ccavalry.obj
c:\users\백노연\desktop\black\정리2\no\[api]2011년 겨울방학 팀 프로젝트[limit]\debug\cbutton.obj
c:\users\백노연\desktop\black\정리2\no\[api]2011년 겨울방학 팀 프로젝트[limit]\debug\cgame.obj
c:\users\백노연\desktop\black\정리2\no\[api]2011년 겨울방학 팀 프로젝트[limit]\debug\cinfantry.obj
c:\users\백노연\desktop\black\정리2\no\[api]2011년 겨울방학 팀 프로젝트[limit]\debug\clevelmenu.obj
c:\users\백노연\desktop\black\정리2\no\[api]2011년 겨울방학 팀 프로젝트[limit]\debug\climitmenu.obj
c:\users\백노연\desktop\black\정리2\no\[api]2011년 겨울방학 팀 프로젝트[limit]\debug\clogo.obj
c:\users\백노연\desktop\black\정리2\no\[api]2011년 겨울방학 팀 프로젝트[limit]\debug\cmenu.obj
c:\users\백노연\desktop\black\정리2\no\[api]2011년 겨울방학 팀 프로젝트[limit]\debug\cpriest.obj
c:\users\백노연\desktop\black\정리2\no\[api]2011년 겨울방학 팀 프로젝트[limit]\debug\cspearman.obj
c:\users\백노연\desktop\black\정리2\no\[api]2011년 겨울방학 팀 프로젝트[limit]\debug\cspell.obj
c:\users\백노연\desktop\black\정리2\no\[api]2011년 겨울방학 팀 프로젝트[limit]\debug\cstagemenu.obj
c:\users\백노연\desktop\black\정리2\no\[api]2011년 겨울방학 팀 프로젝트[limit]\debug\cstatemanager.obj
c:\users\백노연\desktop\black\정리2\no\[api]2011년 겨울방학 팀 프로젝트[limit]\debug\cunit.obj
c:\users\백노연\desktop\black\정리2\no\[api]2011년 겨울방학 팀 프로젝트[limit]\debug\frame.obj
c:\users\백노연\desktop\black\정리2\no\[api]2011년 겨울방학 팀 프로젝트[limit]\debug\main.obj
c:\users\백노연\desktop\black\정리2\no\[api]2011년 겨울방학 팀 프로젝트[limit]\debug\scene.obj
c:\users\백노연\desktop\black\정리2\no\[api]2011년 겨울방학 팀 프로젝트[limit]\debug\scenemanager.obj
c:\users\백노연\desktop\black\정리2\no\[api]2011년 겨울방학 팀 프로젝트[limit]\debug\vc100.pdb
d:\real\black\정리2\no\[api]2011년 겨울방학 팀 프로젝트[limit]\debug\cbutton.obj
d:\real\black\정리2\no\[api]2011년 겨울방학 팀 프로젝트[limit]\debug\frame.obj
d:\real\black\정리2\no\[api]2011년 겨울방학 팀 프로젝트[limit]\debug\scene.obj
d:\real\black\정리2\no\[api]2011년 겨울방학 팀 프로젝트[limit]\debug\vc100.pdb
c:\users\백노연\documents\visual studio 2010\projects\[api]2011년 겨울방학 팀 프로젝트[limit]\debug\[api]2011년 겨울방학 팀 프로젝트[limit].ilk
c:\users\백노연\documents\visual studio 2010\projects\[api]2011년 겨울방학 팀 프로젝트[limit]\debug\[api]2011년 겨울방학 팀 프로젝트[limit].exe
c:\users\백노연\documents\visual studio 2010\projects\[api]2011년 겨울방학 팀 프로젝트[limit]\[api]2011년 겨울방학 팀 프로젝트[limit]\debug\[api]2011년 겨울방학 팀 프로젝트[limit].exe.intermediate.manifest
c:\users\백노연\documents\visual studio 2010\projects\[api]2011년 겨울방학 팀 프로젝트[limit]\debug\[api]2011년 겨울방학 팀 프로젝트[limit].pdb
c:\users\백노연\desktop\[api]2011년 겨울방학 팀 프로젝트[limit] (7)\debug\[api]2011년 겨울방학 팀 프로젝트[limit].ilk
c:\users\백노연\desktop\[api]2011년 겨울방학 팀 프로젝트[limit] (7)\debug\[api]2011년 겨울방학 팀 프로젝트[limit].exe
c:\users\백노연\desktop\[api]2011년 겨울방학 팀 프로젝트[limit] (7)\debug\[api]2011년 겨울방학 팀 프로젝트[limit].exe.intermediate.manifest
c:\users\백노연\desktop\[api]2011년 겨울방학 팀 프로젝트[limit] (7)\debug\[api]2011년 겨울방학 팀 프로젝트[limit].pdb
c:\users\백노연\desktop\예비프로젝트\[api]2011년 겨울방학 팀 프로젝트[limit] (7)\debug\[api]2011년 겨울방학 팀 프로젝트[limit].ilk
c:\users\백노연\desktop\예비프로젝트\[api]2011년 겨울방학 팀 프로젝트[limit] (7)\debug\[api]2011년 겨울방학 팀 프로젝트[limit].exe
c:\users\백노연\desktop\예비프로젝트\[api]2011년 겨울방학 팀 프로젝트[limit] (7)\debug\[api]2011년 겨울방학 팀 프로젝트[limit].exe.intermediate.manifest
c:\users\백노연\desktop\예비프로젝트\[api]2011년 겨울방학 팀 프로젝트[limit] (7)\debug\[api]2011년 겨울방학 팀 프로젝트[limit].pdb
c:\users\백노연\desktop\[api]2011년 겨울방학 팀 프로젝트[limit]\debug\[api]2011년 겨울방학 팀 프로젝트[limit].ilk
c:\users\백노연\desktop\[api]2011년 겨울방학 팀 프로젝트[limit]\debug\[api]2011년 겨울방학 팀 프로젝트[limit].exe
c:\users\백노연\desktop\[api]2011년 겨울방학 팀 프로젝트[limit]\debug\[api]2011년 겨울방학 팀 프로젝트[limit].exe.intermediate.manifest
c:\users\백노연\desktop\[api]2011년 겨울방학 팀 프로젝트[limit]\debug\[api]2011년 겨울방학 팀 프로젝트[limit].pdb
c:\users\백노연\desktop\no\[api]2011년 겨울방학 팀 프로젝트[limit]\debug\[api]2011년 겨울방학 팀 프로젝트[limit].ilk
c:\users\백노연\desktop\no\[api]2011년 겨울방학 팀 프로젝트[limit]\debug\[api]2011년 겨울방학 팀 프로젝트[limit].exe
c:\users\백노연\desktop\no\[api]2011년 겨울방학 팀 프로젝트[limit]\debug\[api]2011년 겨울방학 팀 프로젝트[limit].exe.intermediate.manifest
c:\users\백노연\desktop\no\[api]2011년 겨울방학 팀 프로젝트[limit]\debug\[api]2011년 겨울방학 팀 프로젝트[limit].pdb
c:\users\백노연\desktop\black\정리2\no\[api]2011년 겨울방학 팀 프로젝트[limit]\debug\[api]2011년 겨울방학 팀 프로젝트[limit].ilk
c:\users\백노연\desktop\black\정리2\no\[api]2011년 겨울방학 팀 프로젝트[limit]\debug\[api]2011년 겨울방학 팀 프로젝트[limit].exe
c:\users\백노연\desktop\black\정리2\no\[api]2011년 겨울방학 팀 프로젝트[limit]\debug\[api]2011년 겨울방학 팀 프로젝트[limit].exe.intermediate.manifest
c:\users\백노연\desktop\black\정리2\no\[api]2011년 겨울방학 팀 프로젝트[limit]\debug\[api]2011년 겨울방학 팀 프로젝트[limit].pdb
c:\users\백노연\documents\visual studio 2010\projects\[api]2011년 겨울방학 팀 프로젝트[limit]\[api]2011년 겨울방학 팀 프로젝트[limit]\debug\[api]2011년 겨울방학 팀 프로젝트[limit].exe.embed.manifest
c:\users\백노연\desktop\black\정리2\no\[api]2011년 겨울방학 팀 프로젝트[limit]\debug\[api]2011년 겨울방학 팀 프로젝트[limit].exe.embed.manifest
c:\users\백노연\desktop\[api]2011년 겨울방학 팀 프로젝트[limit] (7)\debug\[api]2011년 겨울방학 팀 프로젝트[limit].exe.embed.manifest.res
c:\users\백노연\desktop\[api]2011년 겨울방학 팀 프로젝트[limit] (7)\debug\[api]2011년 겨울방학 팀 프로젝트[limit].res
c:\users\백노연\desktop\예비프로젝트\[api]2011년 겨울방학 팀 프로젝트[limit] (7)\debug\[api]2011년 겨울방학 팀 프로젝트[limit].res
c:\users\백노연\desktop\예비프로젝트\[api]2011년 겨울방학 팀 프로젝트[limit] (7)\debug\[api]2011년 겨울방학 팀 프로젝트[limit].exe.embed.manifest.res
c:\users\백노연\desktop\[api]2011년 겨울방학 팀 프로젝트[limit]\debug\[api]2011년 겨울방학 팀 프로젝트[limit].res
c:\users\백노연\desktop\[api]2011년 겨울방학 팀 프로젝트[limit]\debug\[api]2011년 겨울방학 팀 프로젝트[limit].exe.embed.manifest.res
c:\users\백노연\desktop\no\[api]2011년 겨울방학 팀 프로젝트[limit]\debug\[api]2011년 겨울방학 팀 프로젝트[limit].res
c:\users\백노연\desktop\no\[api]2011년 겨울방학 팀 프로젝트[limit]\debug\[api]2011년 겨울방학 팀 프로젝트[limit].exe.embed.manifest.res
c:\users\백노연\desktop\black\정리2\no\[api]2011년 겨울방학 팀 프로젝트[limit]\debug\[api]2011년 겨울방학 팀 프로젝트[limit].res
c:\users\백노연\desktop\black\정리2\no\[api]2011년 겨울방학 팀 프로젝트[limit]\debug\[api]2011년 겨울방학 팀 프로젝트[limit].exe.embed.manifest.res
d:\이전노트북자료\노연자료(게임고)\백노연\etc\[api]2011년 겨울방학 팀 프로젝트[limit]\debug\vc142.pdb
d:\이전노트북자료\노연자료(게임고)\백노연\etc\[api]2011년 겨울방학 팀 프로젝트[limit]\debug\vc142.idb
d:\이전노트북자료\노연자료(게임고)\백노연\etc\[api]2011년 겨울방학 팀 프로젝트[limit]\debug\scene.obj
d:\이전노트북자료\노연자료(게임고)\백노연\etc\[api]2011년 겨울방학 팀 프로젝트[limit]\debug\frame.obj
d:\이전노트북자료\노연자료(게임고)\백노연\etc\[api]2011년 겨울방학 팀 프로젝트[limit]\debug\cbutton.obj
c:\users\beaknohyeon\documents\github\crosspuzzlegit\limit\게임파일(c++,windowsapi)\[api]2011년 겨울방학 팀 프로젝트[limit]\debug\vc142.pdb
c:\users\beaknohyeon\documents\github\crosspuzzlegit\limit\게임파일(c++,windowsapi)\[api]2011년 겨울방학 팀 프로젝트[limit]\debug\vc142.idb
c:\users\beaknohyeon\documents\github\crosspuzzlegit\limit\게임파일(c++,windowsapi)\[api]2011년 겨울방학 팀 프로젝트[limit]\debug\scene.obj
c:\users\beaknohyeon\documents\github\crosspuzzlegit\limit\게임파일(c++,windowsapi)\[api]2011년 겨울방학 팀 프로젝트[limit]\debug\frame.obj
c:\users\beaknohyeon\documents\github\crosspuzzlegit\limit\게임파일(c++,windowsapi)\[api]2011년 겨울방학 팀 프로젝트[limit]\debug\cbutton.obj
c:\users\beaknohyeon\documents\github\crosspuzzlegit\limit\게임파일(c++,windowsapi)\[api]2011년 겨울방학 팀 프로젝트[limit]\debug\cavalry.obj
c:\users\beaknohyeon\documents\github\crosspuzzlegit\limit\게임파일(c++,windowsapi)\[api]2011년 겨울방학 팀 프로젝트[limit]\debug\[api]2011년 겨울방학 팀 프로젝트[limit].ilk
c:\users\beaknohyeon\documents\github\crosspuzzlegit\limit\게임파일(c++,windowsapi)\[api]2011년 겨울방학 팀 프로젝트[limit]\debug\cl.command.1.tlog
c:\users\beaknohyeon\documents\github\crosspuzzlegit\limit\게임파일(c++,windowsapi)\[api]2011년 겨울방학 팀 프로젝트[limit]\debug\cl.read.1.tlog
c:\users\beaknohyeon\documents\github\crosspuzzlegit\limit\게임파일(c++,windowsapi)\[api]2011년 겨울방학 팀 프로젝트[limit]\debug\cl.write.1.tlog
c:\users\beaknohyeon\documents\github\crosspuzzlegit\limit\게임파일(c++,windowsapi)\[api]2011년 겨울방학 팀 프로젝트[limit]\debug\link-cvtres.read.1.tlog
c:\users\beaknohyeon\documents\github\crosspuzzlegit\limit\게임파일(c++,windowsapi)\[api]2011년 겨울방학 팀 프로젝트[limit]\debug\link-cvtres.write.1.tlog
c:\users\beaknohyeon\documents\github\crosspuzzlegit\limit\게임파일(c++,windowsapi)\[api]2011년 겨울방학 팀 프로젝트[limit]\debug\link.10120-cvtres.read.1.tlog
c:\users\beaknohyeon\documents\github\crosspuzzlegit\limit\게임파일(c++,windowsapi)\[api]2011년 겨울방학 팀 프로젝트[limit]\debug\link.10120-cvtres.write.1.tlog
c:\users\beaknohyeon\documents\github\crosspuzzlegit\limit\게임파일(c++,windowsapi)\[api]2011년 겨울방학 팀 프로젝트[limit]\debug\link.10120.read.1.tlog
c:\users\beaknohyeon\documents\github\crosspuzzlegit\limit\게임파일(c++,windowsapi)\[api]2011년 겨울방학 팀 프로젝트[limit]\debug\link.10120.write.1.tlog
c:\users\beaknohyeon\documents\github\crosspuzzlegit\limit\게임파일(c++,windowsapi)\[api]2011년 겨울방학 팀 프로젝트[limit]\debug\link.10220-cvtres.read.1.tlog
c:\users\beaknohyeon\documents\github\crosspuzzlegit\limit\게임파일(c++,windowsapi)\[api]2011년 겨울방학 팀 프로젝트[limit]\debug\link.10220-cvtres.write.1.tlog
c:\users\beaknohyeon\documents\github\crosspuzzlegit\limit\게임파일(c++,windowsapi)\[api]2011년 겨울방학 팀 프로젝트[limit]\debug\link.10220.read.1.tlog
c:\users\beaknohyeon\documents\github\crosspuzzlegit\limit\게임파일(c++,windowsapi)\[api]2011년 겨울방학 팀 프로젝트[limit]\debug\link.10220.write.1.tlog
c:\users\beaknohyeon\documents\github\crosspuzzlegit\limit\게임파일(c++,windowsapi)\[api]2011년 겨울방학 팀 프로젝트[limit]\debug\link.10528-cvtres.read.1.tlog
c:\users\beaknohyeon\documents\github\crosspuzzlegit\limit\게임파일(c++,windowsapi)\[api]2011년 겨울방학 팀 프로젝트[limit]\debug\link.10528-cvtres.write.1.tlog
c:\users\beaknohyeon\documents\github\crosspuzzlegit\limit\게임파일(c++,windowsapi)\[api]2011년 겨울방학 팀 프로젝트[limit]\debug\link.10528.read.1.tlog
c:\users\beaknohyeon\documents\github\crosspuzzlegit\limit\게임파일(c++,windowsapi)\[api]2011년 겨울방학 팀 프로젝트[limit]\debug\link.10528.write.1.tlog
c:\users\beaknohyeon\documents\github\crosspuzzlegit\limit\게임파일(c++,windowsapi)\[api]2011년 겨울방학 팀 프로젝트[limit]\debug\link.10804-cvtres.read.1.tlog
c:\users\beaknohyeon\documents\github\crosspuzzlegit\limit\게임파일(c++,windowsapi)\[api]2011년 겨울방학 팀 프로젝트[limit]\debug\link.10804-cvtres.write.1.tlog
c:\users\beaknohyeon\documents\github\crosspuzzlegit\limit\게임파일(c++,windowsapi)\[api]2011년 겨울방학 팀 프로젝트[limit]\debug\link.10804.read.1.tlog
c:\users\beaknohyeon\documents\github\crosspuzzlegit\limit\게임파일(c++,windowsapi)\[api]2011년 겨울방학 팀 프로젝트[limit]\debug\link.10804.write.1.tlog
c:\users\beaknohyeon\documents\github\crosspuzzlegit\limit\게임파일(c++,windowsapi)\[api]2011년 겨울방학 팀 프로젝트[limit]\debug\link.11904-cvtres.read.1.tlog
c:\users\beaknohyeon\documents\github\crosspuzzlegit\limit\게임파일(c++,windowsapi)\[api]2011년 겨울방학 팀 프로젝트[limit]\debug\link.11904-cvtres.write.1.tlog
c:\users\beaknohyeon\documents\github\crosspuzzlegit\limit\게임파일(c++,windowsapi)\[api]2011년 겨울방학 팀 프로젝트[limit]\debug\link.11904.read.1.tlog
c:\users\beaknohyeon\documents\github\crosspuzzlegit\limit\게임파일(c++,windowsapi)\[api]2011년 겨울방학 팀 프로젝트[limit]\debug\link.11904.write.1.tlog
c:\users\beaknohyeon\documents\github\crosspuzzlegit\limit\게임파일(c++,windowsapi)\[api]2011년 겨울방학 팀 프로젝트[limit]\debug\link.1228-cvtres.read.1.tlog
c:\users\beaknohyeon\documents\github\crosspuzzlegit\limit\게임파일(c++,windowsapi)\[api]2011년 겨울방학 팀 프로젝트[limit]\debug\link.1228-cvtres.write.1.tlog
c:\users\beaknohyeon\documents\github\crosspuzzlegit\limit\게임파일(c++,windowsapi)\[api]2011년 겨울방학 팀 프로젝트[limit]\debug\link.1228.read.1.tlog
c:\users\beaknohyeon\documents\github\crosspuzzlegit\limit\게임파일(c++,windowsapi)\[api]2011년 겨울방학 팀 프로젝트[limit]\debug\link.1228.write.1.tlog
c:\users\beaknohyeon\documents\github\crosspuzzlegit\limit\게임파일(c++,windowsapi)\[api]2011년 겨울방학 팀 프로젝트[limit]\debug\link.13472-cvtres.read.1.tlog
c:\users\beaknohyeon\documents\github\crosspuzzlegit\limit\게임파일(c++,windowsapi)\[api]2011년 겨울방학 팀 프로젝트[limit]\debug\link.13472-cvtres.write.1.tlog
c:\users\beaknohyeon\documents\github\crosspuzzlegit\limit\게임파일(c++,windowsapi)\[api]2011년 겨울방학 팀 프로젝트[limit]\debug\link.13472.read.1.tlog
c:\users\beaknohyeon\documents\github\crosspuzzlegit\limit\게임파일(c++,windowsapi)\[api]2011년 겨울방학 팀 프로젝트[limit]\debug\link.13472.write.1.tlog
c:\users\beaknohyeon\documents\github\crosspuzzlegit\limit\게임파일(c++,windowsapi)\[api]2011년 겨울방학 팀 프로젝트[limit]\debug\link.14384-cvtres.read.1.tlog
c:\users\beaknohyeon\documents\github\crosspuzzlegit\limit\게임파일(c++,windowsapi)\[api]2011년 겨울방학 팀 프로젝트[limit]\debug\link.14384-cvtres.write.1.tlog
c:\users\beaknohyeon\documents\github\crosspuzzlegit\limit\게임파일(c++,windowsapi)\[api]2011년 겨울방학 팀 프로젝트[limit]\debug\link.14384.read.1.tlog
c:\users\beaknohyeon\documents\github\crosspuzzlegit\limit\게임파일(c++,windowsapi)\[api]2011년 겨울방학 팀 프로젝트[limit]\debug\link.14384.write.1.tlog
c:\users\beaknohyeon\documents\github\crosspuzzlegit\limit\게임파일(c++,windowsapi)\[api]2011년 겨울방학 팀 프로젝트[limit]\debug\link.14600-cvtres.read.1.tlog
c:\users\beaknohyeon\documents\github\crosspuzzlegit\limit\게임파일(c++,windowsapi)\[api]2011년 겨울방학 팀 프로젝트[limit]\debug\link.14600-cvtres.write.1.tlog
c:\users\beaknohyeon\documents\github\crosspuzzlegit\limit\게임파일(c++,windowsapi)\[api]2011년 겨울방학 팀 프로젝트[limit]\debug\link.14600.read.1.tlog
c:\users\beaknohyeon\documents\github\crosspuzzlegit\limit\게임파일(c++,windowsapi)\[api]2011년 겨울방학 팀 프로젝트[limit]\debug\link.14600.write.1.tlog
c:\users\beaknohyeon\documents\github\crosspuzzlegit\limit\게임파일(c++,windowsapi)\[api]2011년 겨울방학 팀 프로젝트[limit]\debug\link.1476-cvtres.read.1.tlog
c:\users\beaknohyeon\documents\github\crosspuzzlegit\limit\게임파일(c++,windowsapi)\[api]2011년 겨울방학 팀 프로젝트[limit]\debug\link.1476-cvtres.write.1.tlog
c:\users\beaknohyeon\documents\github\crosspuzzlegit\limit\게임파일(c++,windowsapi)\[api]2011년 겨울방학 팀 프로젝트[limit]\debug\link.1476.read.1.tlog
c:\users\beaknohyeon\documents\github\crosspuzzlegit\limit\게임파일(c++,windowsapi)\[api]2011년 겨울방학 팀 프로젝트[limit]\debug\link.1476.write.1.tlog
c:\users\beaknohyeon\documents\github\crosspuzzlegit\limit\게임파일(c++,windowsapi)\[api]2011년 겨울방학 팀 프로젝트[limit]\debug\link.16936-cvtres.read.1.tlog
c:\users\beaknohyeon\documents\github\crosspuzzlegit\limit\게임파일(c++,windowsapi)\[api]2011년 겨울방학 팀 프로젝트[limit]\debug\link.16936-cvtres.write.1.tlog
c:\users\beaknohyeon\documents\github\crosspuzzlegit\limit\게임파일(c++,windowsapi)\[api]2011년 겨울방학 팀 프로젝트[limit]\debug\link.16936.read.1.tlog
c:\users\beaknohyeon\documents\github\crosspuzzlegit\limit\게임파일(c++,windowsapi)\[api]2011년 겨울방학 팀 프로젝트[limit]\debug\link.16936.write.1.tlog
c:\users\beaknohyeon\documents\github\crosspuzzlegit\limit\게임파일(c++,windowsapi)\[api]2011년 겨울방학 팀 프로젝트[limit]\debug\link.17112-cvtres.read.1.tlog
c:\users\beaknohyeon\documents\github\crosspuzzlegit\limit\게임파일(c++,windowsapi)\[api]2011년 겨울방학 팀 프로젝트[limit]\debug\link.17112-cvtres.write.1.tlog
c:\users\beaknohyeon\documents\github\crosspuzzlegit\limit\게임파일(c++,windowsapi)\[api]2011년 겨울방학 팀 프로젝트[limit]\debug\link.17112.read.1.tlog
c:\users\beaknohyeon\documents\github\crosspuzzlegit\limit\게임파일(c++,windowsapi)\[api]2011년 겨울방학 팀 프로젝트[limit]\debug\link.17112.write.1.tlog
c:\users\beaknohyeon\documents\github\crosspuzzlegit\limit\게임파일(c++,windowsapi)\[api]2011년 겨울방학 팀 프로젝트[limit]\debug\link.17144-cvtres.read.1.tlog
c:\users\beaknohyeon\documents\github\crosspuzzlegit\limit\게임파일(c++,windowsapi)\[api]2011년 겨울방학 팀 프로젝트[limit]\debug\link.17144-cvtres.write.1.tlog
c:\users\beaknohyeon\documents\github\crosspuzzlegit\limit\게임파일(c++,windowsapi)\[api]2011년 겨울방학 팀 프로젝트[limit]\debug\link.17144.read.1.tlog
c:\users\beaknohyeon\documents\github\crosspuzzlegit\limit\게임파일(c++,windowsapi)\[api]2011년 겨울방학 팀 프로젝트[limit]\debug\link.17144.write.1.tlog
c:\users\beaknohyeon\documents\github\crosspuzzlegit\limit\게임파일(c++,windowsapi)\[api]2011년 겨울방학 팀 프로젝트[limit]\debug\link.17440-cvtres.read.1.tlog
c:\users\beaknohyeon\documents\github\crosspuzzlegit\limit\게임파일(c++,windowsapi)\[api]2011년 겨울방학 팀 프로젝트[limit]\debug\link.17440-cvtres.write.1.tlog
c:\users\beaknohyeon\documents\github\crosspuzzlegit\limit\게임파일(c++,windowsapi)\[api]2011년 겨울방학 팀 프로젝트[limit]\debug\link.17440.read.1.tlog
c:\users\beaknohyeon\documents\github\crosspuzzlegit\limit\게임파일(c++,windowsapi)\[api]2011년 겨울방학 팀 프로젝트[limit]\debug\link.17440.write.1.tlog
c:\users\beaknohyeon\documents\github\crosspuzzlegit\limit\게임파일(c++,windowsapi)\[api]2011년 겨울방학 팀 프로젝트[limit]\debug\link.17692-cvtres.read.1.tlog
c:\users\beaknohyeon\documents\github\crosspuzzlegit\limit\게임파일(c++,windowsapi)\[api]2011년 겨울방학 팀 프로젝트[limit]\debug\link.17692-cvtres.write.1.tlog
c:\users\beaknohyeon\documents\github\crosspuzzlegit\limit\게임파일(c++,windowsapi)\[api]2011년 겨울방학 팀 프로젝트[limit]\debug\link.17692.read.1.tlog
c:\users\beaknohyeon\documents\github\crosspuzzlegit\limit\게임파일(c++,windowsapi)\[api]2011년 겨울방학 팀 프로젝트[limit]\debug\link.17692.write.1.tlog
c:\users\beaknohyeon\documents\github\crosspuzzlegit\limit\게임파일(c++,windowsapi)\[api]2011년 겨울방학 팀 프로젝트[limit]\debug\link.19496-cvtres.read.1.tlog
c:\users\beaknohyeon\documents\github\crosspuzzlegit\limit\게임파일(c++,windowsapi)\[api]2011년 겨울방학 팀 프로젝트[limit]\debug\link.19496-cvtres.write.1.tlog
c:\users\beaknohyeon\documents\github\crosspuzzlegit\limit\게임파일(c++,windowsapi)\[api]2011년 겨울방학 팀 프로젝트[limit]\debug\link.19496.read.1.tlog
c:\users\beaknohyeon\documents\github\crosspuzzlegit\limit\게임파일(c++,windowsapi)\[api]2011년 겨울방학 팀 프로젝트[limit]\debug\link.19496.write.1.tlog
c:\users\beaknohyeon\documents\github\crosspuzzlegit\limit\게임파일(c++,windowsapi)\[api]2011년 겨울방학 팀 프로젝트[limit]\debug\link.20324-cvtres.read.1.tlog
c:\users\beaknohyeon\documents\github\crosspuzzlegit\limit\게임파일(c++,windowsapi)\[api]2011년 겨울방학 팀 프로젝트[limit]\debug\link.20324-cvtres.write.1.tlog
c:\users\beaknohyeon\documents\github\crosspuzzlegit\limit\게임파일(c++,windowsapi)\[api]2011년 겨울방학 팀 프로젝트[limit]\debug\link.20324.read.1.tlog
c:\users\beaknohyeon\documents\github\crosspuzzlegit\limit\게임파일(c++,windowsapi)\[api]2011년 겨울방학 팀 프로젝트[limit]\debug\link.20324.write.1.tlog
c:\users\beaknohyeon\documents\github\crosspuzzlegit\limit\게임파일(c++,windowsapi)\[api]2011년 겨울방학 팀 프로젝트[limit]\debug\link.22888-cvtres.read.1.tlog
c:\users\beaknohyeon\documents\github\crosspuzzlegit\limit\게임파일(c++,windowsapi)\[api]2011년 겨울방학 팀 프로젝트[limit]\debug\link.22888-cvtres.write.1.tlog
c:\users\beaknohyeon\documents\github\crosspuzzlegit\limit\게임파일(c++,windowsapi)\[api]2011년 겨울방학 팀 프로젝트[limit]\debug\link.22888.read.1.tlog
c:\users\beaknohyeon\documents\github\crosspuzzlegit\limit\게임파일(c++,windowsapi)\[api]2011년 겨울방학 팀 프로젝트[limit]\debug\link.22888.write.1.tlog
c:\users\beaknohyeon\documents\github\crosspuzzlegit\limit\게임파일(c++,windowsapi)\[api]2011년 겨울방학 팀 프로젝트[limit]\debug\link.236-cvtres.read.1.tlog
c:\users\beaknohyeon\documents\github\crosspuzzlegit\limit\게임파일(c++,windowsapi)\[api]2011년 겨울방학 팀 프로젝트[limit]\debug\link.236-cvtres.write.1.tlog
c:\users\beaknohyeon\documents\github\crosspuzzlegit\limit\게임파일(c++,windowsapi)\[api]2011년 겨울방학 팀 프로젝트[limit]\debug\link.236.read.1.tlog
c:\users\beaknohyeon\documents\github\crosspuzzlegit\limit\게임파일(c++,windowsapi)\[api]2011년 겨울방학 팀 프로젝트[limit]\debug\link.236.write.1.tlog
c:\users\beaknohyeon\documents\github\crosspuzzlegit\limit\게임파일(c++,windowsapi)\[api]2011년 겨울방학 팀 프로젝트[limit]\debug\link.2492-cvtres.read.1.tlog
c:\users\beaknohyeon\documents\github\crosspuzzlegit\limit\게임파일(c++,windowsapi)\[api]2011년 겨울방학 팀 프로젝트[limit]\debug\link.2492-cvtres.write.1.tlog
c:\users\beaknohyeon\documents\github\crosspuzzlegit\limit\게임파일(c++,windowsapi)\[api]2011년 겨울방학 팀 프로젝트[limit]\debug\link.2492.read.1.tlog
c:\users\beaknohyeon\documents\github\crosspuzzlegit\limit\게임파일(c++,windowsapi)\[api]2011년 겨울방학 팀 프로젝트[limit]\debug\link.2492.write.1.tlog
c:\users\beaknohyeon\documents\github\crosspuzzlegit\limit\게임파일(c++,windowsapi)\[api]2011년 겨울방학 팀 프로젝트[limit]\debug\link.2556-cvtres.read.1.tlog
c:\users\beaknohyeon\documents\github\crosspuzzlegit\limit\게임파일(c++,windowsapi)\[api]2011년 겨울방학 팀 프로젝트[limit]\debug\link.2556-cvtres.write.1.tlog
c:\users\beaknohyeon\documents\github\crosspuzzlegit\limit\게임파일(c++,windowsapi)\[api]2011년 겨울방학 팀 프로젝트[limit]\debug\link.2556.read.1.tlog
c:\users\beaknohyeon\documents\github\crosspuzzlegit\limit\게임파일(c++,windowsapi)\[api]2011년 겨울방학 팀 프로젝트[limit]\debug\link.2556.write.1.tlog
c:\users\beaknohyeon\documents\github\crosspuzzlegit\limit\게임파일(c++,windowsapi)\[api]2011년 겨울방학 팀 프로젝트[limit]\debug\link.2700-cvtres.read.1.tlog
c:\users\beaknohyeon\documents\github\crosspuzzlegit\limit\게임파일(c++,windowsapi)\[api]2011년 겨울방학 팀 프로젝트[limit]\debug\link.2700-cvtres.write.1.tlog
c:\users\beaknohyeon\documents\github\crosspuzzlegit\limit\게임파일(c++,windowsapi)\[api]2011년 겨울방학 팀 프로젝트[limit]\debug\link.2700.read.1.tlog
c:\users\beaknohyeon\documents\github\crosspuzzlegit\limit\게임파일(c++,windowsapi)\[api]2011년 겨울방학 팀 프로젝트[limit]\debug\link.2700.write.1.tlog
c:\users\beaknohyeon\documents\github\crosspuzzlegit\limit\게임파일(c++,windowsapi)\[api]2011년 겨울방학 팀 프로젝트[limit]\debug\link.27408-cvtres.read.1.tlog
c:\users\beaknohyeon\documents\github\crosspuzzlegit\limit\게임파일(c++,windowsapi)\[api]2011년 겨울방학 팀 프로젝트[limit]\debug\link.27408-cvtres.write.1.tlog
c:\users\beaknohyeon\documents\github\crosspuzzlegit\limit\게임파일(c++,windowsapi)\[api]2011년 겨울방학 팀 프로젝트[limit]\debug\link.27408.read.1.tlog
c:\users\beaknohyeon\documents\github\crosspuzzlegit\limit\게임파일(c++,windowsapi)\[api]2011년 겨울방학 팀 프로젝트[limit]\debug\link.27408.write.1.tlog
c:\users\beaknohyeon\documents\github\crosspuzzlegit\limit\게임파일(c++,windowsapi)\[api]2011년 겨울방학 팀 프로젝트[limit]\debug\link.2988-cvtres.read.1.tlog
c:\users\beaknohyeon\documents\github\crosspuzzlegit\limit\게임파일(c++,windowsapi)\[api]2011년 겨울방학 팀 프로젝트[limit]\debug\link.2988-cvtres.write.1.tlog
c:\users\beaknohyeon\documents\github\crosspuzzlegit\limit\게임파일(c++,windowsapi)\[api]2011년 겨울방학 팀 프로젝트[limit]\debug\link.2988.read.1.tlog
c:\users\beaknohyeon\documents\github\crosspuzzlegit\limit\게임파일(c++,windowsapi)\[api]2011년 겨울방학 팀 프로젝트[limit]\debug\link.2988.write.1.tlog
c:\users\beaknohyeon\documents\github\crosspuzzlegit\limit\게임파일(c++,windowsapi)\[api]2011년 겨울방학 팀 프로젝트[limit]\debug\link.3444-cvtres.read.1.tlog
c:\users\beaknohyeon\documents\github\crosspuzzlegit\limit\게임파일(c++,windowsapi)\[api]2011년 겨울방학 팀 프로젝트[limit]\debug\link.3444-cvtres.write.1.tlog
c:\users\beaknohyeon\documents\github\crosspuzzlegit\limit\게임파일(c++,windowsapi)\[api]2011년 겨울방학 팀 프로젝트[limit]\debug\link.3444.read.1.tlog
c:\users\beaknohyeon\documents\github\crosspuzzlegit\limit\게임파일(c++,windowsapi)\[api]2011년 겨울방학 팀 프로젝트[limit]\debug\link.3444.write.1.tlog
c:\users\beaknohyeon\documents\github\crosspuzzlegit\limit\게임파일(c++,windowsapi)\[api]2011년 겨울방학 팀 프로젝트[limit]\debug\link.3488-cvtres.read.1.tlog
c:\users\beaknohyeon\documents\github\crosspuzzlegit\limit\게임파일(c++,windowsapi)\[api]2011년 겨울방학 팀 프로젝트[limit]\debug\link.3488-cvtres.write.1.tlog
c:\users\beaknohyeon\documents\github\crosspuzzlegit\limit\게임파일(c++,windowsapi)\[api]2011년 겨울방학 팀 프로젝트[limit]\debug\link.3488.read.1.tlog
c:\users\beaknohyeon\documents\github\crosspuzzlegit\limit\게임파일(c++,windowsapi)\[api]2011년 겨울방학 팀 프로젝트[limit]\debug\link.3488.write.1.tlog
c:\users\beaknohyeon\documents\github\crosspuzzlegit\limit\게임파일(c++,windowsapi)\[api]2011년 겨울방학 팀 프로젝트[limit]\debug\link.3724-cvtres.read.1.tlog
c:\users\beaknohyeon\documents\github\crosspuzzlegit\limit\게임파일(c++,windowsapi)\[api]2011년 겨울방학 팀 프로젝트[limit]\debug\link.3724-cvtres.write.1.tlog
c:\users\beaknohyeon\documents\github\crosspuzzlegit\limit\게임파일(c++,windowsapi)\[api]2011년 겨울방학 팀 프로젝트[limit]\debug\link.3724.read.1.tlog
c:\users\beaknohyeon\documents\github\crosspuzzlegit\limit\게임파일(c++,windowsapi)\[api]2011년 겨울방학 팀 프로젝트[limit]\debug\link.3724.write.1.tlog
c:\users\beaknohyeon\documents\github\crosspuzzlegit\limit\게임파일(c++,windowsapi)\[api]2011년 겨울방학 팀 프로젝트[limit]\debug\link.3816-cvtres.read.1.tlog
c:\users\beaknohyeon\documents\github\crosspuzzlegit\limit\게임파일(c++,windowsapi)\[api]2011년 겨울방학 팀 프로젝트[limit]\debug\link.3816-cvtres.write.1.tlog
c:\users\beaknohyeon\documents\github\crosspuzzlegit\limit\게임파일(c++,windowsapi)\[api]2011년 겨울방학 팀 프로젝트[limit]\debug\link.3816.read.1.tlog
c:\users\beaknohyeon\documents\github\crosspuzzlegit\limit\게임파일(c++,windowsapi)\[api]2011년 겨울방학 팀 프로젝트[limit]\debug\link.3816.write.1.tlog
c:\users\beaknohyeon\documents\github\crosspuzzlegit\limit\게임파일(c++,windowsapi)\[api]2011년 겨울방학 팀 프로젝트[limit]\debug\link.3832-cvtres.read.1.tlog
c:\users\beaknohyeon\documents\github\crosspuzzlegit\limit\게임파일(c++,windowsapi)\[api]2011년 겨울방학 팀 프로젝트[limit]\debug\link.3832-cvtres.write.1.tlog
c:\users\beaknohyeon\documents\github\crosspuzzlegit\limit\게임파일(c++,windowsapi)\[api]2011년 겨울방학 팀 프로젝트[limit]\debug\link.3832.read.1.tlog
c:\users\beaknohyeon\documents\github\crosspuzzlegit\limit\게임파일(c++,windowsapi)\[api]2011년 겨울방학 팀 프로젝트[limit]\debug\link.3832.write.1.tlog
c:\users\beaknohyeon\documents\github\crosspuzzlegit\limit\게임파일(c++,windowsapi)\[api]2011년 겨울방학 팀 프로젝트[limit]\debug\link.3852-cvtres.read.1.tlog
c:\users\beaknohyeon\documents\github\crosspuzzlegit\limit\게임파일(c++,windowsapi)\[api]2011년 겨울방학 팀 프로젝트[limit]\debug\link.3852-cvtres.write.1.tlog
c:\users\beaknohyeon\documents\github\crosspuzzlegit\limit\게임파일(c++,windowsapi)\[api]2011년 겨울방학 팀 프로젝트[limit]\debug\link.3852.read.1.tlog
c:\users\beaknohyeon\documents\github\crosspuzzlegit\limit\게임파일(c++,windowsapi)\[api]2011년 겨울방학 팀 프로젝트[limit]\debug\link.3852.write.1.tlog
c:\users\beaknohyeon\documents\github\crosspuzzlegit\limit\게임파일(c++,windowsapi)\[api]2011년 겨울방학 팀 프로젝트[limit]\debug\link.3900-cvtres.read.1.tlog
c:\users\beaknohyeon\documents\github\crosspuzzlegit\limit\게임파일(c++,windowsapi)\[api]2011년 겨울방학 팀 프로젝트[limit]\debug\link.3900-cvtres.write.1.tlog
c:\users\beaknohyeon\documents\github\crosspuzzlegit\limit\게임파일(c++,windowsapi)\[api]2011년 겨울방학 팀 프로젝트[limit]\debug\link.3900.read.1.tlog
c:\users\beaknohyeon\documents\github\crosspuzzlegit\limit\게임파일(c++,windowsapi)\[api]2011년 겨울방학 팀 프로젝트[limit]\debug\link.3900.write.1.tlog
c:\users\beaknohyeon\documents\github\crosspuzzlegit\limit\게임파일(c++,windowsapi)\[api]2011년 겨울방학 팀 프로젝트[limit]\debug\link.3956-cvtres.read.1.tlog
c:\users\beaknohyeon\documents\github\crosspuzzlegit\limit\게임파일(c++,windowsapi)\[api]2011년 겨울방학 팀 프로젝트[limit]\debug\link.3956-cvtres.write.1.tlog
c:\users\beaknohyeon\documents\github\crosspuzzlegit\limit\게임파일(c++,windowsapi)\[api]2011년 겨울방학 팀 프로젝트[limit]\debug\link.3956.read.1.tlog
c:\users\beaknohyeon\documents\github\crosspuzzlegit\limit\게임파일(c++,windowsapi)\[api]2011년 겨울방학 팀 프로젝트[limit]\debug\link.3956.write.1.tlog
c:\users\beaknohyeon\documents\github\crosspuzzlegit\limit\게임파일(c++,windowsapi)\[api]2011년 겨울방학 팀 프로젝트[limit]\debug\link.4176-cvtres.read.1.tlog
c:\users\beaknohyeon\documents\github\crosspuzzlegit\limit\게임파일(c++,windowsapi)\[api]2011년 겨울방학 팀 프로젝트[limit]\debug\link.4176-cvtres.write.1.tlog
c:\users\beaknohyeon\documents\github\crosspuzzlegit\limit\게임파일(c++,windowsapi)\[api]2011년 겨울방학 팀 프로젝트[limit]\debug\link.4176.read.1.tlog
c:\users\beaknohyeon\documents\github\crosspuzzlegit\limit\게임파일(c++,windowsapi)\[api]2011년 겨울방학 팀 프로젝트[limit]\debug\link.4176.write.1.tlog
c:\users\beaknohyeon\documents\github\crosspuzzlegit\limit\게임파일(c++,windowsapi)\[api]2011년 겨울방학 팀 프로젝트[limit]\debug\link.4284-cvtres.read.1.tlog
c:\users\beaknohyeon\documents\github\crosspuzzlegit\limit\게임파일(c++,windowsapi)\[api]2011년 겨울방학 팀 프로젝트[limit]\debug\link.4284-cvtres.write.1.tlog
c:\users\beaknohyeon\documents\github\crosspuzzlegit\limit\게임파일(c++,windowsapi)\[api]2011년 겨울방학 팀 프로젝트[limit]\debug\link.4284.read.1.tlog
c:\users\beaknohyeon\documents\github\crosspuzzlegit\limit\게임파일(c++,windowsapi)\[api]2011년 겨울방학 팀 프로젝트[limit]\debug\link.4284.write.1.tlog
c:\users\beaknohyeon\documents\github\crosspuzzlegit\limit\게임파일(c++,windowsapi)\[api]2011년 겨울방학 팀 프로젝트[limit]\debug\link.4412-cvtres.read.1.tlog
c:\users\beaknohyeon\documents\github\crosspuzzlegit\limit\게임파일(c++,windowsapi)\[api]2011년 겨울방학 팀 프로젝트[limit]\debug\link.4412-cvtres.write.1.tlog
c:\users\beaknohyeon\documents\github\crosspuzzlegit\limit\게임파일(c++,windowsapi)\[api]2011년 겨울방학 팀 프로젝트[limit]\debug\link.4412.read.1.tlog
c:\users\beaknohyeon\documents\github\crosspuzzlegit\limit\게임파일(c++,windowsapi)\[api]2011년 겨울방학 팀 프로젝트[limit]\debug\link.4412.write.1.tlog
c:\users\beaknohyeon\documents\github\crosspuzzlegit\limit\게임파일(c++,windowsapi)\[api]2011년 겨울방학 팀 프로젝트[limit]\debug\link.4692-cvtres.read.1.tlog
c:\users\beaknohyeon\documents\github\crosspuzzlegit\limit\게임파일(c++,windowsapi)\[api]2011년 겨울방학 팀 프로젝트[limit]\debug\link.4692-cvtres.write.1.tlog
c:\users\beaknohyeon\documents\github\crosspuzzlegit\limit\게임파일(c++,windowsapi)\[api]2011년 겨울방학 팀 프로젝트[limit]\debug\link.4692.read.1.tlog
c:\users\beaknohyeon\documents\github\crosspuzzlegit\limit\게임파일(c++,windowsapi)\[api]2011년 겨울방학 팀 프로젝트[limit]\debug\link.4692.write.1.tlog
c:\users\beaknohyeon\documents\github\crosspuzzlegit\limit\게임파일(c++,windowsapi)\[api]2011년 겨울방학 팀 프로젝트[limit]\debug\link.4712-cvtres.read.1.tlog
c:\users\beaknohyeon\documents\github\crosspuzzlegit\limit\게임파일(c++,windowsapi)\[api]2011년 겨울방학 팀 프로젝트[limit]\debug\link.4712-cvtres.write.1.tlog
c:\users\beaknohyeon\documents\github\crosspuzzlegit\limit\게임파일(c++,windowsapi)\[api]2011년 겨울방학 팀 프로젝트[limit]\debug\link.4712.read.1.tlog
c:\users\beaknohyeon\documents\github\crosspuzzlegit\limit\게임파일(c++,windowsapi)\[api]2011년 겨울방학 팀 프로젝트[limit]\debug\link.4712.write.1.tlog
c:\users\beaknohyeon\documents\github\crosspuzzlegit\limit\게임파일(c++,windowsapi)\[api]2011년 겨울방학 팀 프로젝트[limit]\debug\link.4844-cvtres.read.1.tlog
c:\users\beaknohyeon\documents\github\crosspuzzlegit\limit\게임파일(c++,windowsapi)\[api]2011년 겨울방학 팀 프로젝트[limit]\debug\link.4844-cvtres.write.1.tlog
c:\users\beaknohyeon\documents\github\crosspuzzlegit\limit\게임파일(c++,windowsapi)\[api]2011년 겨울방학 팀 프로젝트[limit]\debug\link.4844.read.1.tlog
c:\users\beaknohyeon\documents\github\crosspuzzlegit\limit\게임파일(c++,windowsapi)\[api]2011년 겨울방학 팀 프로젝트[limit]\debug\link.4844.write.1.tlog
c:\users\beaknohyeon\documents\github\crosspuzzlegit\limit\게임파일(c++,windowsapi)\[api]2011년 겨울방학 팀 프로젝트[limit]\debug\link.4912-cvtres.read.1.tlog
c:\users\beaknohyeon\documents\github\crosspuzzlegit\limit\게임파일(c++,windowsapi)\[api]2011년 겨울방학 팀 프로젝트[limit]\debug\link.4912-cvtres.write.1.tlog
c:\users\beaknohyeon\documents\github\crosspuzzlegit\limit\게임파일(c++,windowsapi)\[api]2011년 겨울방학 팀 프로젝트[limit]\debug\link.4912.read.1.tlog
c:\users\beaknohyeon\documents\github\crosspuzzlegit\limit\게임파일(c++,windowsapi)\[api]2011년 겨울방학 팀 프로젝트[limit]\debug\link.4912.write.1.tlog
c:\users\beaknohyeon\documents\github\crosspuzzlegit\limit\게임파일(c++,windowsapi)\[api]2011년 겨울방학 팀 프로젝트[limit]\debug\link.4960-cvtres.read.1.tlog
c:\users\beaknohyeon\documents\github\crosspuzzlegit\limit\게임파일(c++,windowsapi)\[api]2011년 겨울방학 팀 프로젝트[limit]\debug\link.4960-cvtres.write.1.tlog
c:\users\beaknohyeon\documents\github\crosspuzzlegit\limit\게임파일(c++,windowsapi)\[api]2011년 겨울방학 팀 프로젝트[limit]\debug\link.4960.read.1.tlog
c:\users\beaknohyeon\documents\github\crosspuzzlegit\limit\게임파일(c++,windowsapi)\[api]2011년 겨울방학 팀 프로젝트[limit]\debug\link.4960.write.1.tlog
c:\users\beaknohyeon\documents\github\crosspuzzlegit\limit\게임파일(c++,windowsapi)\[api]2011년 겨울방학 팀 프로젝트[limit]\debug\link.5064-cvtres.read.1.tlog
c:\users\beaknohyeon\documents\github\crosspuzzlegit\limit\게임파일(c++,windowsapi)\[api]2011년 겨울방학 팀 프로젝트[limit]\debug\link.5064-cvtres.write.1.tlog
c:\users\beaknohyeon\documents\github\crosspuzzlegit\limit\게임파일(c++,windowsapi)\[api]2011년 겨울방학 팀 프로젝트[limit]\debug\link.5064.read.1.tlog
c:\users\beaknohyeon\documents\github\crosspuzzlegit\limit\게임파일(c++,windowsapi)\[api]2011년 겨울방학 팀 프로젝트[limit]\debug\link.5064.write.1.tlog
c:\users\beaknohyeon\documents\github\crosspuzzlegit\limit\게임파일(c++,windowsapi)\[api]2011년 겨울방학 팀 프로젝트[limit]\debug\link.5072-cvtres.read.1.tlog
c:\users\beaknohyeon\documents\github\crosspuzzlegit\limit\게임파일(c++,windowsapi)\[api]2011년 겨울방학 팀 프로젝트[limit]\debug\link.5072-cvtres.write.1.tlog
c:\users\beaknohyeon\documents\github\crosspuzzlegit\limit\게임파일(c++,windowsapi)\[api]2011년 겨울방학 팀 프로젝트[limit]\debug\link.5072.read.1.tlog
c:\users\beaknohyeon\documents\github\crosspuzzlegit\limit\게임파일(c++,windowsapi)\[api]2011년 겨울방학 팀 프로젝트[limit]\debug\link.5072.write.1.tlog
c:\users\beaknohyeon\documents\github\crosspuzzlegit\limit\게임파일(c++,windowsapi)\[api]2011년 겨울방학 팀 프로젝트[limit]\debug\link.5136-cvtres.read.1.tlog
c:\users\beaknohyeon\documents\github\crosspuzzlegit\limit\게임파일(c++,windowsapi)\[api]2011년 겨울방학 팀 프로젝트[limit]\debug\link.5136-cvtres.write.1.tlog
c:\users\beaknohyeon\documents\github\crosspuzzlegit\limit\게임파일(c++,windowsapi)\[api]2011년 겨울방학 팀 프로젝트[limit]\debug\link.5136.read.1.tlog
c:\users\beaknohyeon\documents\github\crosspuzzlegit\limit\게임파일(c++,windowsapi)\[api]2011년 겨울방학 팀 프로젝트[limit]\debug\link.5136.write.1.tlog
c:\users\beaknohyeon\documents\github\crosspuzzlegit\limit\게임파일(c++,windowsapi)\[api]2011년 겨울방학 팀 프로젝트[limit]\debug\link.5192-cvtres.read.1.tlog
c:\users\beaknohyeon\documents\github\crosspuzzlegit\limit\게임파일(c++,windowsapi)\[api]2011년 겨울방학 팀 프로젝트[limit]\debug\link.5192-cvtres.write.1.tlog
c:\users\beaknohyeon\documents\github\crosspuzzlegit\limit\게임파일(c++,windowsapi)\[api]2011년 겨울방학 팀 프로젝트[limit]\debug\link.5192.read.1.tlog
c:\users\beaknohyeon\documents\github\crosspuzzlegit\limit\게임파일(c++,windowsapi)\[api]2011년 겨울방학 팀 프로젝트[limit]\debug\link.5192.write.1.tlog
c:\users\beaknohyeon\documents\github\crosspuzzlegit\limit\게임파일(c++,windowsapi)\[api]2011년 겨울방학 팀 프로젝트[limit]\debug\link.5440-cvtres.read.1.tlog
c:\users\beaknohyeon\documents\github\crosspuzzlegit\limit\게임파일(c++,windowsapi)\[api]2011년 겨울방학 팀 프로젝트[limit]\debug\link.5440-cvtres.write.1.tlog
c:\users\beaknohyeon\documents\github\crosspuzzlegit\limit\게임파일(c++,windowsapi)\[api]2011년 겨울방학 팀 프로젝트[limit]\debug\link.5440.read.1.tlog
c:\users\beaknohyeon\documents\github\crosspuzzlegit\limit\게임파일(c++,windowsapi)\[api]2011년 겨울방학 팀 프로젝트[limit]\debug\link.5440.write.1.tlog
c:\users\beaknohyeon\documents\github\crosspuzzlegit\limit\게임파일(c++,windowsapi)\[api]2011년 겨울방학 팀 프로젝트[limit]\debug\link.5528-cvtres.read.1.tlog
c:\users\beaknohyeon\documents\github\crosspuzzlegit\limit\게임파일(c++,windowsapi)\[api]2011년 겨울방학 팀 프로젝트[limit]\debug\link.5528-cvtres.write.1.tlog
c:\users\beaknohyeon\documents\github\crosspuzzlegit\limit\게임파일(c++,windowsapi)\[api]2011년 겨울방학 팀 프로젝트[limit]\debug\link.5528.read.1.tlog
c:\users\beaknohyeon\documents\github\crosspuzzlegit\limit\게임파일(c++,windowsapi)\[api]2011년 겨울방학 팀 프로젝트[limit]\debug\link.5528.write.1.tlog
c:\users\beaknohyeon\documents\github\crosspuzzlegit\limit\게임파일(c++,windowsapi)\[api]2011년 겨울방학 팀 프로젝트[limit]\debug\link.5608-cvtres.read.1.tlog
c:\users\beaknohyeon\documents\github\crosspuzzlegit\limit\게임파일(c++,windowsapi)\[api]2011년 겨울방학 팀 프로젝트[limit]\debug\link.5608-cvtres.write.1.tlog
c:\users\beaknohyeon\documents\github\crosspuzzlegit\limit\게임파일(c++,windowsapi)\[api]2011년 겨울방학 팀 프로젝트[limit]\debug\link.5608.read.1.tlog
c:\users\beaknohyeon\documents\github\crosspuzzlegit\limit\게임파일(c++,windowsapi)\[api]2011년 겨울방학 팀 프로젝트[limit]\debug\link.5608.write.1.tlog
c:\users\beaknohyeon\documents\github\crosspuzzlegit\limit\게임파일(c++,windowsapi)\[api]2011년 겨울방학 팀 프로젝트[limit]\debug\link.5620-cvtres.read.1.tlog
c:\users\beaknohyeon\documents\github\crosspuzzlegit\limit\게임파일(c++,windowsapi)\[api]2011년 겨울방학 팀 프로젝트[limit]\debug\link.5620-cvtres.write.1.tlog
c:\users\beaknohyeon\documents\github\crosspuzzlegit\limit\게임파일(c++,windowsapi)\[api]2011년 겨울방학 팀 프로젝트[limit]\debug\link.5620.read.1.tlog
c:\users\beaknohyeon\documents\github\crosspuzzlegit\limit\게임파일(c++,windowsapi)\[api]2011년 겨울방학 팀 프로젝트[limit]\debug\link.5620.write.1.tlog
c:\users\beaknohyeon\documents\github\crosspuzzlegit\limit\게임파일(c++,windowsapi)\[api]2011년 겨울방학 팀 프로젝트[limit]\debug\link.5640-cvtres.read.1.tlog
c:\users\beaknohyeon\documents\github\crosspuzzlegit\limit\게임파일(c++,windowsapi)\[api]2011년 겨울방학 팀 프로젝트[limit]\debug\link.5640-cvtres.write.1.tlog
c:\users\beaknohyeon\documents\github\crosspuzzlegit\limit\게임파일(c++,windowsapi)\[api]2011년 겨울방학 팀 프로젝트[limit]\debug\link.5640.read.1.tlog
c:\users\beaknohyeon\documents\github\crosspuzzlegit\limit\게임파일(c++,windowsapi)\[api]2011년 겨울방학 팀 프로젝트[limit]\debug\link.5640.write.1.tlog
c:\users\beaknohyeon\documents\github\crosspuzzlegit\limit\게임파일(c++,windowsapi)\[api]2011년 겨울방학 팀 프로젝트[limit]\debug\link.5812-cvtres.read.1.tlog
c:\users\beaknohyeon\documents\github\crosspuzzlegit\limit\게임파일(c++,windowsapi)\[api]2011년 겨울방학 팀 프로젝트[limit]\debug\link.5812-cvtres.write.1.tlog
c:\users\beaknohyeon\documents\github\crosspuzzlegit\limit\게임파일(c++,windowsapi)\[api]2011년 겨울방학 팀 프로젝트[limit]\debug\link.5812.read.1.tlog
c:\users\beaknohyeon\documents\github\crosspuzzlegit\limit\게임파일(c++,windowsapi)\[api]2011년 겨울방학 팀 프로젝트[limit]\debug\link.5812.write.1.tlog
c:\users\beaknohyeon\documents\github\crosspuzzlegit\limit\게임파일(c++,windowsapi)\[api]2011년 겨울방학 팀 프로젝트[limit]\debug\link.5980-cvtres.read.1.tlog
c:\users\beaknohyeon\documents\github\crosspuzzlegit\limit\게임파일(c++,windowsapi)\[api]2011년 겨울방학 팀 프로젝트[limit]\debug\link.5980-cvtres.write.1.tlog
c:\users\beaknohyeon\documents\github\crosspuzzlegit\limit\게임파일(c++,windowsapi)\[api]2011년 겨울방학 팀 프로젝트[limit]\debug\link.5980.read.1.tlog
c:\users\beaknohyeon\documents\github\crosspuzzlegit\limit\게임파일(c++,windowsapi)\[api]2011년 겨울방학 팀 프로젝트[limit]\debug\link.5980.write.1.tlog
c:\users\beaknohyeon\documents\github\crosspuzzlegit\limit\게임파일(c++,windowsapi)\[api]2011년 겨울방학 팀 프로젝트[limit]\debug\link.6028-cvtres.read.1.tlog
c:\users\beaknohyeon\documents\github\crosspuzzlegit\limit\게임파일(c++,windowsapi)\[api]2011년 겨울방학 팀 프로젝트[limit]\debug\link.6028-cvtres.write.1.tlog
c:\users\beaknohyeon\documents\github\crosspuzzlegit\limit\게임파일(c++,windowsapi)\[api]2011년 겨울방학 팀 프로젝트[limit]\debug\link.6028.read.1.tlog
c:\users\beaknohyeon\documents\github\crosspuzzlegit\limit\게임파일(c++,windowsapi)\[api]2011년 겨울방학 팀 프로젝트[limit]\debug\link.6028.write.1.tlog
c:\users\beaknohyeon\documents\github\crosspuzzlegit\limit\게임파일(c++,windowsapi)\[api]2011년 겨울방학 팀 프로젝트[limit]\debug\link.6036-cvtres.read.1.tlog
c:\users\beaknohyeon\documents\github\crosspuzzlegit\limit\게임파일(c++,windowsapi)\[api]2011년 겨울방학 팀 프로젝트[limit]\debug\link.6036-cvtres.write.1.tlog
c:\users\beaknohyeon\documents\github\crosspuzzlegit\limit\게임파일(c++,windowsapi)\[api]2011년 겨울방학 팀 프로젝트[limit]\debug\link.6036.read.1.tlog
c:\users\beaknohyeon\documents\github\crosspuzzlegit\limit\게임파일(c++,windowsapi)\[api]2011년 겨울방학 팀 프로젝트[limit]\debug\link.6036.write.1.tlog
c:\users\beaknohyeon\documents\github\crosspuzzlegit\limit\게임파일(c++,windowsapi)\[api]2011년 겨울방학 팀 프로젝트[limit]\debug\link.6056-cvtres.read.1.tlog
c:\users\beaknohyeon\documents\github\crosspuzzlegit\limit\게임파일(c++,windowsapi)\[api]2011년 겨울방학 팀 프로젝트[limit]\debug\link.6056-cvtres.write.1.tlog
c:\users\beaknohyeon\documents\github\crosspuzzlegit\limit\게임파일(c++,windowsapi)\[api]2011년 겨울방학 팀 프로젝트[limit]\debug\link.6056.read.1.tlog
c:\users\beaknohyeon\documents\github\crosspuzzlegit\limit\게임파일(c++,windowsapi)\[api]2011년 겨울방학 팀 프로젝트[limit]\debug\link.6056.write.1.tlog
c:\users\beaknohyeon\documents\github\crosspuzzlegit\limit\게임파일(c++,windowsapi)\[api]2011년 겨울방학 팀 프로젝트[limit]\debug\link.6160-cvtres.read.1.tlog
c:\users\beaknohyeon\documents\github\crosspuzzlegit\limit\게임파일(c++,windowsapi)\[api]2011년 겨울방학 팀 프로젝트[limit]\debug\link.6160-cvtres.write.1.tlog
c:\users\beaknohyeon\documents\github\crosspuzzlegit\limit\게임파일(c++,windowsapi)\[api]2011년 겨울방학 팀 프로젝트[limit]\debug\link.6160.read.1.tlog
c:\users\beaknohyeon\documents\github\crosspuzzlegit\limit\게임파일(c++,windowsapi)\[api]2011년 겨울방학 팀 프로젝트[limit]\debug\link.6160.write.1.tlog
c:\users\beaknohyeon\documents\github\crosspuzzlegit\limit\게임파일(c++,windowsapi)\[api]2011년 겨울방학 팀 프로젝트[limit]\debug\link.656-cvtres.read.1.tlog
c:\users\beaknohyeon\documents\github\crosspuzzlegit\limit\게임파일(c++,windowsapi)\[api]2011년 겨울방학 팀 프로젝트[limit]\debug\link.656-cvtres.write.1.tlog
c:\users\beaknohyeon\documents\github\crosspuzzlegit\limit\게임파일(c++,windowsapi)\[api]2011년 겨울방학 팀 프로젝트[limit]\debug\link.656.read.1.tlog
c:\users\beaknohyeon\documents\github\crosspuzzlegit\limit\게임파일(c++,windowsapi)\[api]2011년 겨울방학 팀 프로젝트[limit]\debug\link.656.write.1.tlog
c:\users\beaknohyeon\documents\github\crosspuzzlegit\limit\게임파일(c++,windowsapi)\[api]2011년 겨울방학 팀 프로젝트[limit]\debug\link.6808-cvtres.read.1.tlog
c:\users\beaknohyeon\documents\github\crosspuzzlegit\limit\게임파일(c++,windowsapi)\[api]2011년 겨울방학 팀 프로젝트[limit]\debug\link.6808-cvtres.write.1.tlog
c:\users\beaknohyeon\documents\github\crosspuzzlegit\limit\게임파일(c++,windowsapi)\[api]2011년 겨울방학 팀 프로젝트[limit]\debug\link.6808.read.1.tlog
c:\users\beaknohyeon\documents\github\crosspuzzlegit\limit\게임파일(c++,windowsapi)\[api]2011년 겨울방학 팀 프로젝트[limit]\debug\link.6808.write.1.tlog
c:\users\beaknohyeon\documents\github\crosspuzzlegit\limit\게임파일(c++,windowsapi)\[api]2011년 겨울방학 팀 프로젝트[limit]\debug\link.7268-cvtres.read.1.tlog
c:\users\beaknohyeon\documents\github\crosspuzzlegit\limit\게임파일(c++,windowsapi)\[api]2011년 겨울방학 팀 프로젝트[limit]\debug\link.7268-cvtres.write.1.tlog
c:\users\beaknohyeon\documents\github\crosspuzzlegit\limit\게임파일(c++,windowsapi)\[api]2011년 겨울방학 팀 프로젝트[limit]\debug\link.7268.read.1.tlog
c:\users\beaknohyeon\documents\github\crosspuzzlegit\limit\게임파일(c++,windowsapi)\[api]2011년 겨울방학 팀 프로젝트[limit]\debug\link.7268.write.1.tlog
c:\users\beaknohyeon\documents\github\crosspuzzlegit\limit\게임파일(c++,windowsapi)\[api]2011년 겨울방학 팀 프로젝트[limit]\debug\link.7288-cvtres.read.1.tlog
c:\users\beaknohyeon\documents\github\crosspuzzlegit\limit\게임파일(c++,windowsapi)\[api]2011년 겨울방학 팀 프로젝트[limit]\debug\link.7288-cvtres.write.1.tlog
c:\users\beaknohyeon\documents\github\crosspuzzlegit\limit\게임파일(c++,windowsapi)\[api]2011년 겨울방학 팀 프로젝트[limit]\debug\link.7288.read.1.tlog
c:\users\beaknohyeon\documents\github\crosspuzzlegit\limit\게임파일(c++,windowsapi)\[api]2011년 겨울방학 팀 프로젝트[limit]\debug\link.7288.write.1.tlog
c:\users\beaknohyeon\documents\github\crosspuzzlegit\limit\게임파일(c++,windowsapi)\[api]2011년 겨울방학 팀 프로젝트[limit]\debug\link.7300-cvtres.read.1.tlog
c:\users\beaknohyeon\documents\github\crosspuzzlegit\limit\게임파일(c++,windowsapi)\[api]2011년 겨울방학 팀 프로젝트[limit]\debug\link.7300-cvtres.write.1.tlog
c:\users\beaknohyeon\documents\github\crosspuzzlegit\limit\게임파일(c++,windowsapi)\[api]2011년 겨울방학 팀 프로젝트[limit]\debug\link.7300.read.1.tlog
c:\users\beaknohyeon\documents\github\crosspuzzlegit\limit\게임파일(c++,windowsapi)\[api]2011년 겨울방학 팀 프로젝트[limit]\debug\link.7300.write.1.tlog
c:\users\beaknohyeon\documents\github\crosspuzzlegit\limit\게임파일(c++,windowsapi)\[api]2011년 겨울방학 팀 프로젝트[limit]\debug\link.7372-cvtres.read.1.tlog
c:\users\beaknohyeon\documents\github\crosspuzzlegit\limit\게임파일(c++,windowsapi)\[api]2011년 겨울방학 팀 프로젝트[limit]\debug\link.7372-cvtres.write.1.tlog
c:\users\beaknohyeon\documents\github\crosspuzzlegit\limit\게임파일(c++,windowsapi)\[api]2011년 겨울방학 팀 프로젝트[limit]\debug\link.7372.read.1.tlog
c:\users\beaknohyeon\documents\github\crosspuzzlegit\limit\게임파일(c++,windowsapi)\[api]2011년 겨울방학 팀 프로젝트[limit]\debug\link.7372.write.1.tlog
c:\users\beaknohyeon\documents\github\crosspuzzlegit\limit\게임파일(c++,windowsapi)\[api]2011년 겨울방학 팀 프로젝트[limit]\debug\link.7468-cvtres.read.1.tlog
c:\users\beaknohyeon\documents\github\crosspuzzlegit\limit\게임파일(c++,windowsapi)\[api]2011년 겨울방학 팀 프로젝트[limit]\debug\link.7468-cvtres.write.1.tlog
c:\users\beaknohyeon\documents\github\crosspuzzlegit\limit\게임파일(c++,windowsapi)\[api]2011년 겨울방학 팀 프로젝트[limit]\debug\link.7468.read.1.tlog
c:\users\beaknohyeon\documents\github\crosspuzzlegit\limit\게임파일(c++,windowsapi)\[api]2011년 겨울방학 팀 프로젝트[limit]\debug\link.7468.write.1.tlog
c:\users\beaknohyeon\documents\github\crosspuzzlegit\limit\게임파일(c++,windowsapi)\[api]2011년 겨울방학 팀 프로젝트[limit]\debug\link.7556-cvtres.read.1.tlog
c:\users\beaknohyeon\documents\github\crosspuzzlegit\limit\게임파일(c++,windowsapi)\[api]2011년 겨울방학 팀 프로젝트[limit]\debug\link.7556-cvtres.write.1.tlog
c:\users\beaknohyeon\documents\github\crosspuzzlegit\limit\게임파일(c++,windowsapi)\[api]2011년 겨울방학 팀 프로젝트[limit]\debug\link.7556.read.1.tlog
c:\users\beaknohyeon\documents\github\crosspuzzlegit\limit\게임파일(c++,windowsapi)\[api]2011년 겨울방학 팀 프로젝트[limit]\debug\link.7556.write.1.tlog
c:\users\beaknohyeon\documents\github\crosspuzzlegit\limit\게임파일(c++,windowsapi)\[api]2011년 겨울방학 팀 프로젝트[limit]\debug\link.7588-cvtres.read.1.tlog
c:\users\beaknohyeon\documents\github\crosspuzzlegit\limit\게임파일(c++,windowsapi)\[api]2011년 겨울방학 팀 프로젝트[limit]\debug\link.7588-cvtres.write.1.tlog
c:\users\beaknohyeon\documents\github\crosspuzzlegit\limit\게임파일(c++,windowsapi)\[api]2011년 겨울방학 팀 프로젝트[limit]\debug\link.7588.read.1.tlog
c:\users\beaknohyeon\documents\github\crosspuzzlegit\limit\게임파일(c++,windowsapi)\[api]2011년 겨울방학 팀 프로젝트[limit]\debug\link.7588.write.1.tlog
c:\users\beaknohyeon\documents\github\crosspuzzlegit\limit\게임파일(c++,windowsapi)\[api]2011년 겨울방학 팀 프로젝트[limit]\debug\link.7616-cvtres.read.1.tlog
c:\users\beaknohyeon\documents\github\crosspuzzlegit\limit\게임파일(c++,windowsapi)\[api]2011년 겨울방학 팀 프로젝트[limit]\debug\link.7616-cvtres.write.1.tlog
c:\users\beaknohyeon\documents\github\crosspuzzlegit\limit\게임파일(c++,windowsapi)\[api]2011년 겨울방학 팀 프로젝트[limit]\debug\link.7616.read.1.tlog
c:\users\beaknohyeon\documents\github\crosspuzzlegit\limit\게임파일(c++,windowsapi)\[api]2011년 겨울방학 팀 프로젝트[limit]\debug\link.7616.write.1.tlog
c:\users\beaknohyeon\documents\github\crosspuzzlegit\limit\게임파일(c++,windowsapi)\[api]2011년 겨울방학 팀 프로젝트[limit]\debug\link.7656-cvtres.read.1.tlog
c:\users\beaknohyeon\documents\github\crosspuzzlegit\limit\게임파일(c++,windowsapi)\[api]2011년 겨울방학 팀 프로젝트[limit]\debug\link.7656-cvtres.write.1.tlog
c:\users\beaknohyeon\documents\github\crosspuzzlegit\limit\게임파일(c++,windowsapi)\[api]2011년 겨울방학 팀 프로젝트[limit]\debug\link.7656.read.1.tlog
c:\users\beaknohyeon\documents\github\crosspuzzlegit\limit\게임파일(c++,windowsapi)\[api]2011년 겨울방학 팀 프로젝트[limit]\debug\link.7656.write.1.tlog
c:\users\beaknohyeon\documents\github\crosspuzzlegit\limit\게임파일(c++,windowsapi)\[api]2011년 겨울방학 팀 프로젝트[limit]\debug\link.7660-cvtres.read.1.tlog
c:\users\beaknohyeon\documents\github\crosspuzzlegit\limit\게임파일(c++,windowsapi)\[api]2011년 겨울방학 팀 프로젝트[limit]\debug\link.7660-cvtres.write.1.tlog
c:\users\beaknohyeon\documents\github\crosspuzzlegit\limit\게임파일(c++,windowsapi)\[api]2011년 겨울방학 팀 프로젝트[limit]\debug\link.7660.read.1.tlog
c:\users\beaknohyeon\documents\github\crosspuzzlegit\limit\게임파일(c++,windowsapi)\[api]2011년 겨울방학 팀 프로젝트[limit]\debug\link.7660.write.1.tlog
c:\users\beaknohyeon\documents\github\crosspuzzlegit\limit\게임파일(c++,windowsapi)\[api]2011년 겨울방학 팀 프로젝트[limit]\debug\link.7696-cvtres.read.1.tlog
c:\users\beaknohyeon\documents\github\crosspuzzlegit\limit\게임파일(c++,windowsapi)\[api]2011년 겨울방학 팀 프로젝트[limit]\debug\link.7696-cvtres.write.1.tlog
c:\users\beaknohyeon\documents\github\crosspuzzlegit\limit\게임파일(c++,windowsapi)\[api]2011년 겨울방학 팀 프로젝트[limit]\debug\link.7696.read.1.tlog
c:\users\beaknohyeon\documents\github\crosspuzzlegit\limit\게임파일(c++,windowsapi)\[api]2011년 겨울방학 팀 프로젝트[limit]\debug\link.7696.write.1.tlog
c:\users\beaknohyeon\documents\github\crosspuzzlegit\limit\게임파일(c++,windowsapi)\[api]2011년 겨울방학 팀 프로젝트[limit]\debug\link.7752-cvtres.read.1.tlog
c:\users\beaknohyeon\documents\github\crosspuzzlegit\limit\게임파일(c++,windowsapi)\[api]2011년 겨울방학 팀 프로젝트[limit]\debug\link.7752-cvtres.write.1.tlog
c:\users\beaknohyeon\documents\github\crosspuzzlegit\limit\게임파일(c++,windowsapi)\[api]2011년 겨울방학 팀 프로젝트[limit]\debug\link.7752.read.1.tlog
c:\users\beaknohyeon\documents\github\crosspuzzlegit\limit\게임파일(c++,windowsapi)\[api]2011년 겨울방학 팀 프로젝트[limit]\debug\link.7752.write.1.tlog
c:\users\beaknohyeon\documents\github\crosspuzzlegit\limit\게임파일(c++,windowsapi)\[api]2011년 겨울방학 팀 프로젝트[limit]\debug\link.7804-cvtres.read.1.tlog
c:\users\beaknohyeon\documents\github\crosspuzzlegit\limit\게임파일(c++,windowsapi)\[api]2011년 겨울방학 팀 프로젝트[limit]\debug\link.7804-cvtres.write.1.tlog
c:\users\beaknohyeon\documents\github\crosspuzzlegit\limit\게임파일(c++,windowsapi)\[api]2011년 겨울방학 팀 프로젝트[limit]\debug\link.7804.read.1.tlog
c:\users\beaknohyeon\documents\github\crosspuzzlegit\limit\게임파일(c++,windowsapi)\[api]2011년 겨울방학 팀 프로젝트[limit]\debug\link.7804.write.1.tlog
c:\users\beaknohyeon\documents\github\crosspuzzlegit\limit\게임파일(c++,windowsapi)\[api]2011년 겨울방학 팀 프로젝트[limit]\debug\link.8060-cvtres.read.1.tlog
c:\users\beaknohyeon\documents\github\crosspuzzlegit\limit\게임파일(c++,windowsapi)\[api]2011년 겨울방학 팀 프로젝트[limit]\debug\link.8060-cvtres.write.1.tlog
c:\users\beaknohyeon\documents\github\crosspuzzlegit\limit\게임파일(c++,windowsapi)\[api]2011년 겨울방학 팀 프로젝트[limit]\debug\link.8060.read.1.tlog
c:\users\beaknohyeon\documents\github\crosspuzzlegit\limit\게임파일(c++,windowsapi)\[api]2011년 겨울방학 팀 프로젝트[limit]\debug\link.8060.write.1.tlog
c:\users\beaknohyeon\documents\github\crosspuzzlegit\limit\게임파일(c++,windowsapi)\[api]2011년 겨울방학 팀 프로젝트[limit]\debug\link.8100-cvtres.read.1.tlog
c:\users\beaknohyeon\documents\github\crosspuzzlegit\limit\게임파일(c++,windowsapi)\[api]2011년 겨울방학 팀 프로젝트[limit]\debug\link.8100-cvtres.write.1.tlog
c:\users\beaknohyeon\documents\github\crosspuzzlegit\limit\게임파일(c++,windowsapi)\[api]2011년 겨울방학 팀 프로젝트[limit]\debug\link.8100.read.1.tlog
c:\users\beaknohyeon\documents\github\crosspuzzlegit\limit\게임파일(c++,windowsapi)\[api]2011년 겨울방학 팀 프로젝트[limit]\debug\link.8100.write.1.tlog
c:\users\beaknohyeon\documents\github\crosspuzzlegit\limit\게임파일(c++,windowsapi)\[api]2011년 겨울방학 팀 프로젝트[limit]\debug\link.8280-cvtres.read.1.tlog
c:\users\beaknohyeon\documents\github\crosspuzzlegit\limit\게임파일(c++,windowsapi)\[api]2011년 겨울방학 팀 프로젝트[limit]\debug\link.8280-cvtres.write.1.tlog
c:\users\beaknohyeon\documents\github\crosspuzzlegit\limit\게임파일(c++,windowsapi)\[api]2011년 겨울방학 팀 프로젝트[limit]\debug\link.8280.read.1.tlog
c:\users\beaknohyeon\documents\github\crosspuzzlegit\limit\게임파일(c++,windowsapi)\[api]2011년 겨울방학 팀 프로젝트[limit]\debug\link.8280.write.1.tlog
c:\users\beaknohyeon\documents\github\crosspuzzlegit\limit\게임파일(c++,windowsapi)\[api]2011년 겨울방학 팀 프로젝트[limit]\debug\link.8500-cvtres.read.1.tlog
c:\users\beaknohyeon\documents\github\crosspuzzlegit\limit\게임파일(c++,windowsapi)\[api]2011년 겨울방학 팀 프로젝트[limit]\debug\link.8500-cvtres.write.1.tlog
c:\users\beaknohyeon\documents\github\crosspuzzlegit\limit\게임파일(c++,windowsapi)\[api]2011년 겨울방학 팀 프로젝트[limit]\debug\link.8500.read.1.tlog
c:\users\beaknohyeon\documents\github\crosspuzzlegit\limit\게임파일(c++,windowsapi)\[api]2011년 겨울방학 팀 프로젝트[limit]\debug\link.8500.write.1.tlog
c:\users\beaknohyeon\documents\github\crosspuzzlegit\limit\게임파일(c++,windowsapi)\[api]2011년 겨울방학 팀 프로젝트[limit]\debug\link.8700-cvtres.read.1.tlog
c:\users\beaknohyeon\documents\github\crosspuzzlegit\limit\게임파일(c++,windowsapi)\[api]2011년 겨울방학 팀 프로젝트[limit]\debug\link.8700-cvtres.write.1.tlog
c:\users\beaknohyeon\documents\github\crosspuzzlegit\limit\게임파일(c++,windowsapi)\[api]2011년 겨울방학 팀 프로젝트[limit]\debug\link.8700.read.1.tlog
c:\users\beaknohyeon\documents\github\crosspuzzlegit\limit\게임파일(c++,windowsapi)\[api]2011년 겨울방학 팀 프로젝트[limit]\debug\link.8700.write.1.tlog
c:\users\beaknohyeon\documents\github\crosspuzzlegit\limit\게임파일(c++,windowsapi)\[api]2011년 겨울방학 팀 프로젝트[limit]\debug\link.8744-cvtres.read.1.tlog
c:\users\beaknohyeon\documents\github\crosspuzzlegit\limit\게임파일(c++,windowsapi)\[api]2011년 겨울방학 팀 프로젝트[limit]\debug\link.8744-cvtres.write.1.tlog
c:\users\beaknohyeon\documents\github\crosspuzzlegit\limit\게임파일(c++,windowsapi)\[api]2011년 겨울방학 팀 프로젝트[limit]\debug\link.8744.read.1.tlog
c:\users\beaknohyeon\documents\github\crosspuzzlegit\limit\게임파일(c++,windowsapi)\[api]2011년 겨울방학 팀 프로젝트[limit]\debug\link.8744.write.1.tlog
c:\users\beaknohyeon\documents\github\crosspuzzlegit\limit\게임파일(c++,windowsapi)\[api]2011년 겨울방학 팀 프로젝트[limit]\debug\link.9040-cvtres.read.1.tlog
c:\users\beaknohyeon\documents\github\crosspuzzlegit\limit\게임파일(c++,windowsapi)\[api]2011년 겨울방학 팀 프로젝트[limit]\debug\link.9040-cvtres.write.1.tlog
c:\users\beaknohyeon\documents\github\crosspuzzlegit\limit\게임파일(c++,windowsapi)\[api]2011년 겨울방학 팀 프로젝트[limit]\debug\link.9040.read.1.tlog
c:\users\beaknohyeon\documents\github\crosspuzzlegit\limit\게임파일(c++,windowsapi)\[api]2011년 겨울방학 팀 프로젝트[limit]\debug\link.9040.write.1.tlog
c:\users\beaknohyeon\documents\github\crosspuzzlegit\limit\게임파일(c++,windowsapi)\[api]2011년 겨울방학 팀 프로젝트[limit]\debug\link.9236-cvtres.read.1.tlog
c:\users\beaknohyeon\documents\github\crosspuzzlegit\limit\게임파일(c++,windowsapi)\[api]2011년 겨울방학 팀 프로젝트[limit]\debug\link.9236-cvtres.write.1.tlog
c:\users\beaknohyeon\documents\github\crosspuzzlegit\limit\게임파일(c++,windowsapi)\[api]2011년 겨울방학 팀 프로젝트[limit]\debug\link.9236.read.1.tlog
c:\users\beaknohyeon\documents\github\crosspuzzlegit\limit\게임파일(c++,windowsapi)\[api]2011년 겨울방학 팀 프로젝트[limit]\debug\link.9236.write.1.tlog
c:\users\beaknohyeon\documents\github\crosspuzzlegit\limit\게임파일(c++,windowsapi)\[api]2011년 겨울방학 팀 프로젝트[limit]\debug\link.9276-cvtres.read.1.tlog
c:\users\beaknohyeon\documents\github\crosspuzzlegit\limit\게임파일(c++,windowsapi)\[api]2011년 겨울방학 팀 프로젝트[limit]\debug\link.9276-cvtres.write.1.tlog
c:\users\beaknohyeon\documents\github\crosspuzzlegit\limit\게임파일(c++,windowsapi)\[api]2011년 겨울방학 팀 프로젝트[limit]\debug\link.9276.read.1.tlog
c:\users\beaknohyeon\documents\github\crosspuzzlegit\limit\게임파일(c++,windowsapi)\[api]2011년 겨울방학 팀 프로젝트[limit]\debug\link.9276.write.1.tlog
c:\users\beaknohyeon\documents\github\crosspuzzlegit\limit\게임파일(c++,windowsapi)\[api]2011년 겨울방학 팀 프로젝트[limit]\debug\link.9460-cvtres.read.1.tlog
c:\users\beaknohyeon\documents\github\crosspuzzlegit\limit\게임파일(c++,windowsapi)\[api]2011년 겨울방학 팀 프로젝트[limit]\debug\link.9460-cvtres.write.1.tlog
c:\users\beaknohyeon\documents\github\crosspuzzlegit\limit\게임파일(c++,windowsapi)\[api]2011년 겨울방학 팀 프로젝트[limit]\debug\link.9460.read.1.tlog
c:\users\beaknohyeon\documents\github\crosspuzzlegit\limit\게임파일(c++,windowsapi)\[api]2011년 겨울방학 팀 프로젝트[limit]\debug\link.9460.write.1.tlog
c:\users\beaknohyeon\documents\github\crosspuzzlegit\limit\게임파일(c++,windowsapi)\[api]2011년 겨울방학 팀 프로젝트[limit]\debug\link.9588-cvtres.read.1.tlog
c:\users\beaknohyeon\documents\github\crosspuzzlegit\limit\게임파일(c++,windowsapi)\[api]2011년 겨울방학 팀 프로젝트[limit]\debug\link.9588-cvtres.write.1.tlog
c:\users\beaknohyeon\documents\github\crosspuzzlegit\limit\게임파일(c++,windowsapi)\[api]2011년 겨울방학 팀 프로젝트[limit]\debug\link.9588.read.1.tlog
c:\users\beaknohyeon\documents\github\crosspuzzlegit\limit\게임파일(c++,windowsapi)\[api]2011년 겨울방학 팀 프로젝트[limit]\debug\link.9588.write.1.tlog
c:\users\beaknohyeon\documents\github\crosspuzzlegit\limit\게임파일(c++,windowsapi)\[api]2011년 겨울방학 팀 프로젝트[limit]\debug\link.9648-cvtres.read.1.tlog
c:\users\beaknohyeon\documents\github\crosspuzzlegit\limit\게임파일(c++,windowsapi)\[api]2011년 겨울방학 팀 프로젝트[limit]\debug\link.9648-cvtres.write.1.tlog
c:\users\beaknohyeon\documents\github\crosspuzzlegit\limit\게임파일(c++,windowsapi)\[api]2011년 겨울방학 팀 프로젝트[limit]\debug\link.9648.read.1.tlog
c:\users\beaknohyeon\documents\github\crosspuzzlegit\limit\게임파일(c++,windowsapi)\[api]2011년 겨울방학 팀 프로젝트[limit]\debug\link.9648.write.1.tlog
c:\users\beaknohyeon\documents\github\crosspuzzlegit\limit\게임파일(c++,windowsapi)\[api]2011년 겨울방학 팀 프로젝트[limit]\debug\link.command.1.tlog
c:\users\beaknohyeon\documents\github\crosspuzzlegit\limit\게임파일(c++,windowsapi)\[api]2011년 겨울방학 팀 프로젝트[limit]\debug\link.read.1.tlog
c:\users\beaknohyeon\documents\github\crosspuzzlegit\limit\게임파일(c++,windowsapi)\[api]2011년 겨울방학 팀 프로젝트[limit]\debug\link.write.1.tlog
c:\users\beaknohyeon\documents\github\crosspuzzlegit\limit\게임파일(c++,windowsapi)\[api]2011년 겨울방학 팀 프로젝트[limit]\debug\mt.command.1.tlog
c:\users\beaknohyeon\documents\github\crosspuzzlegit\limit\게임파일(c++,windowsapi)\[api]2011년 겨울방학 팀 프로젝트[limit]\debug\mt.read.1.tlog
c:\users\beaknohyeon\documents\github\crosspuzzlegit\limit\게임파일(c++,windowsapi)\[api]2011년 겨울방학 팀 프로젝트[limit]\debug\mt.write.1.tlog
c:\users\beaknohyeon\documents\github\crosspuzzlegit\limit\게임파일(c++,windowsapi)\[api]2011년 겨울방학 팀 프로젝트[limit]\debug\rc.command.1.tlog
c:\users\beaknohyeon\documents\github\crosspuzzlegit\limit\게임파일(c++,windowsapi)\[api]2011년 겨울방학 팀 프로젝트[limit]\debug\rc.read.1.tlog
c:\users\beaknohyeon\documents\github\crosspuzzlegit\limit\게임파일(c++,windowsapi)\[api]2011년 겨울방학 팀 프로젝트[limit]\debug\rc.write.1.tlog
c:\users\beaknohyeon\documents\github\crosspuzzlegit\limit\게임파일(c++,windowsapi)\[api]2011년 겨울방학 팀 프로젝트[limit]\debug\[api]2011년 겨울방학 팀 프로젝트[limit].exe.embed.manifest
c:\users\beaknohyeon\documents\github\crosspuzzlegit\limit\게임파일(c++,windowsapi)\[api]2011년 겨울방학 팀 프로젝트[limit]\debug\[api]2011년 겨울방학 팀 프로젝트[limit].exe.intermediate.manifest
c:\users\beaknohyeon\documents\github\crosspuzzlegit\limit\게임파일(c++,windowsapi)\[api]2011년 겨울방학 팀 프로젝트[limit]\debug\[api]2011년 겨울방학 팀 프로젝트[limit].exe.embed.manifest.res
c:\users\beaknohyeon\documents\github\crosspuzzlegit\limit\게임파일(c++,windowsapi)\[api]2011년 겨울방학 팀 프로젝트[limit]\debug\[api]2011년 겨울방학 팀 프로젝트[limit].res
c:\users\beaknohyeon\documents\github\crosspuzzlegit\limit\게임파일(c++,windowsapi)\[api]2011년 겨울방학 팀 프로젝트[limit]\debug\vc100.idb
c:\users\beaknohyeon\documents\github\crosspuzzlegit\limit\게임파일(c++,windowsapi)\[api]2011년 겨울방학 팀 프로젝트[limit]\debug\vc100.pdb
c:\users\beaknohyeon\documents\github\crosspuzzlegit\limit\게임파일(c++,windowsapi)\[api]2011년 겨울방학 팀 프로젝트[limit]\debug\[api]2011년 겨울방학 팀 프로젝트[limit].pdb
c:\users\beaknohyeon\documents\github\crosspuzzlegit\limit\게임파일(c++,windowsapi)\[api]2011년 겨울방학 팀 프로젝트[limit]\debug\[api]2011년 겨울방학 팀 프로젝트[limit]_manifest.rc
c:\users\beaknohyeon\documents\github\crosspuzzlegit\limit\게임파일(c++,windowsapi)\[api]2011년 겨울방학 팀 프로젝트[limit]\debug\[api]2011년 겨울방학 팀 프로젝트[limit].exe
c:\users\beaknohyeon\documents\github\crosspuzzlegit\limit\게임파일(c++,windowsapi)\[api]2011년 겨울방학 팀 프로젝트[limit]\debug\[api]201.3109b0c8.tlog\cl.command.1.tlog
c:\users\beaknohyeon\documents\github\crosspuzzlegit\limit\게임파일(c++,windowsapi)\[api]2011년 겨울방학 팀 프로젝트[limit]\debug\[api]201.3109b0c8.tlog\cl.read.1.tlog
c:\users\beaknohyeon\documents\github\crosspuzzlegit\limit\게임파일(c++,windowsapi)\[api]2011년 겨울방학 팀 프로젝트[limit]\debug\[api]201.3109b0c8.tlog\cl.write.1.tlog
